2013-12-30 17:03:17,073 [5] Orchard.Environment.Extensions.ExtensionManager - No suitable loader found for extension "MyTheme"
2013-12-30 17:22:13,185 [56] Orchard.Environment.Extensions.ExtensionManager - No suitable loader found for extension "MyTheme"
2013-12-30 17:22:16,084 [54] Orchard.ContentManagement.Drivers.Coordinators.ContentPartDriverCoordinator - RuntimeBinderException thrown from IContentPartDriver by Orchard.Core.Common.Drivers.BodyPartDriver
Microsoft.CSharp.RuntimeBinder.RuntimeBinderException: ???????? ?????????? ????????????? ????? ??? "System.Text.StringBuilder.Replace(string, string)" ????? ????????? ???????????? ??????????
   ? CallSite.Target(Closure , CallSite , StringBuilder , String , Object )
   ? System.Dynamic.UpdateDelegates.UpdateAndExecuteVoid3[T0,T1,T2](CallSite site, T0 arg0, T1 arg1, T2 arg2)
   ? InsertModuleInContent.Models.WidgetParser.Replace(String text, IContentManager contentManager)
   ? InsertModuleInContent.Filters.HtmlFilter.ProcessContent(String text, String flavor)
   ? Orchard.Core.Common.Drivers.BodyPartDriver.<>c__DisplayClass7.<Display>b__4(String text, IHtmlFilter filter) ? c:\D\tmp\My\Orchard.Source.1.7.2\src\Orchard.Web\Core\Common\Drivers\BodyPartDriver.cs:?????? 40
   ? System.Linq.Enumerable.Aggregate[TSource,TAccumulate](IEnumerable`1 source, TAccumulate seed, Func`3 func)
   ? Orchard.Core.Common.Drivers.BodyPartDriver.<>c__DisplayClass7.<Display>b__3() ? c:\D\tmp\My\Orchard.Source.1.7.2\src\Orchard.Web\Core\Common\Drivers\BodyPartDriver.cs:?????? 40
   ? Orchard.ContentManagement.Drivers.ContentPartDriver`1.<>c__DisplayClassf.<ContentShape>b__e(BuildShapeContext ctx) ? c:\D\tmp\My\Orchard.Source.1.7.2\src\Orchard\ContentManagement\Drivers\ContentPartDriver.cs:?????? 130
   ? Orchard.ContentManagement.Drivers.ContentPartDriver`1.<>c__DisplayClass15.<ContentShapeImplementation>b__14(BuildShapeContext ctx) ? c:\D\tmp\My\Orchard.Source.1.7.2\src\Orchard\ContentManagement\Drivers\ContentPartDriver.cs:?????? 139
   ? Orchard.ContentManagement.Drivers.ContentShapeResult.ApplyImplementation(BuildShapeContext context, String displayType) ? c:\D\tmp\My\Orchard.Source.1.7.2\src\Orchard\ContentManagement\Drivers\ContentShapeResult.cs:?????? 36
   ? Orchard.ContentManagement.Drivers.ContentShapeResult.Apply(BuildDisplayContext context) ? c:\D\tmp\My\Orchard.Source.1.7.2\src\Orchard\ContentManagement\Drivers\ContentShapeResult.cs:?????? 21
   ? Orchard.ContentManagement.Drivers.CombinedResult.Apply(BuildDisplayContext context) ? c:\D\tmp\My\Orchard.Source.1.7.2\src\Orchard\ContentManagement\Drivers\CombinedResult.cs:?????? 28
   ? Orchard.ContentManagement.Drivers.Coordinators.ContentPartDriverCoordinator.<>c__DisplayClassa.<BuildDisplay>b__9(IContentPartDriver driver) ? c:\D\tmp\My\Orchard.Source.1.7.2\src\Orchard\ContentManagement\Drivers\Coordinators\ContentPartDriverCoordinator.cs:?????? 49
   ? Orchard.InvokeExtensions.Invoke[TEvents](IEnumerable`1 events, Action`1 dispatch, ILogger logger) ? c:\D\tmp\My\Orchard.Source.1.7.2\src\Orchard\InvokeExtensions.cs:?????? 17
2013-12-30 17:22:20,245 [42] Orchard.Environment.Extensions.ExtensionManager - No suitable loader found for extension "MyTheme"
2013-12-30 17:24:38,299 [6] Orchard.Environment.Extensions.ExtensionManager - No suitable loader found for extension "MyTheme"
2013-12-30 17:24:41,127 [6] Orchard.ContentManagement.Drivers.Coordinators.ContentPartDriverCoordinator - RuntimeBinderException thrown from IContentPartDriver by Orchard.Core.Common.Drivers.BodyPartDriver
Microsoft.CSharp.RuntimeBinder.RuntimeBinderException: ???????? ?????????? ????????????? ????? ??? "System.Text.StringBuilder.Replace(string, string)" ????? ????????? ???????????? ??????????
   ? CallSite.Target(Closure , CallSite , StringBuilder , String , Object )
   ? System.Dynamic.UpdateDelegates.UpdateAndExecuteVoid3[T0,T1,T2](CallSite site, T0 arg0, T1 arg1, T2 arg2)
   ? InsertModuleInContent.Models.WidgetParser.Replace(String text, IContentManager contentManager)
   ? InsertModuleInContent.Filters.HtmlFilter.ProcessContent(String text, String flavor)
   ? Orchard.Core.Common.Drivers.BodyPartDriver.<>c__DisplayClass7.<Display>b__4(String text, IHtmlFilter filter) ? c:\D\tmp\My\Orchard.Source.1.7.2\src\Orchard.Web\Core\Common\Drivers\BodyPartDriver.cs:?????? 40
   ? System.Linq.Enumerable.Aggregate[TSource,TAccumulate](IEnumerable`1 source, TAccumulate seed, Func`3 func)
   ? Orchard.Core.Common.Drivers.BodyPartDriver.<>c__DisplayClass7.<Display>b__3() ? c:\D\tmp\My\Orchard.Source.1.7.2\src\Orchard.Web\Core\Common\Drivers\BodyPartDriver.cs:?????? 40
   ? Orchard.ContentManagement.Drivers.ContentPartDriver`1.<>c__DisplayClassf.<ContentShape>b__e(BuildShapeContext ctx) ? c:\D\tmp\My\Orchard.Source.1.7.2\src\Orchard\ContentManagement\Drivers\ContentPartDriver.cs:?????? 130
   ? Orchard.ContentManagement.Drivers.ContentPartDriver`1.<>c__DisplayClass15.<ContentShapeImplementation>b__14(BuildShapeContext ctx) ? c:\D\tmp\My\Orchard.Source.1.7.2\src\Orchard\ContentManagement\Drivers\ContentPartDriver.cs:?????? 139
   ? Orchard.ContentManagement.Drivers.ContentShapeResult.ApplyImplementation(BuildShapeContext context, String displayType) ? c:\D\tmp\My\Orchard.Source.1.7.2\src\Orchard\ContentManagement\Drivers\ContentShapeResult.cs:?????? 36
   ? Orchard.ContentManagement.Drivers.ContentShapeResult.Apply(BuildDisplayContext context) ? c:\D\tmp\My\Orchard.Source.1.7.2\src\Orchard\ContentManagement\Drivers\ContentShapeResult.cs:?????? 21
   ? Orchard.ContentManagement.Drivers.CombinedResult.Apply(BuildDisplayContext context) ? c:\D\tmp\My\Orchard.Source.1.7.2\src\Orchard\ContentManagement\Drivers\CombinedResult.cs:?????? 28
   ? Orchard.ContentManagement.Drivers.Coordinators.ContentPartDriverCoordinator.<>c__DisplayClassa.<BuildDisplay>b__9(IContentPartDriver driver) ? c:\D\tmp\My\Orchard.Source.1.7.2\src\Orchard\ContentManagement\Drivers\Coordinators\ContentPartDriverCoordinator.cs:?????? 49
   ? Orchard.InvokeExtensions.Invoke[TEvents](IEnumerable`1 events, Action`1 dispatch, ILogger logger) ? c:\D\tmp\My\Orchard.Source.1.7.2\src\Orchard\InvokeExtensions.cs:?????? 17
2013-12-30 17:25:05,594 [5] Orchard.Environment.Extensions.ExtensionManager - No suitable loader found for extension "MyTheme"
2013-12-30 17:25:47,460 [8] Orchard.ContentManagement.Drivers.Coordinators.ContentPartDriverCoordinator - RuntimeBinderException thrown from IContentPartDriver by Orchard.Core.Common.Drivers.BodyPartDriver
Microsoft.CSharp.RuntimeBinder.RuntimeBinderException: ???????? ?????????? ????????????? ????? ??? "System.Text.StringBuilder.Replace(string, string)" ????? ????????? ???????????? ??????????
   ? CallSite.Target(Closure , CallSite , StringBuilder , String , Object )
   ? System.Dynamic.UpdateDelegates.UpdateAndExecuteVoid3[T0,T1,T2](CallSite site, T0 arg0, T1 arg1, T2 arg2)
   ? InsertModuleInContent.Models.WidgetParser.Replace(String text, IContentManager contentManager)
   ? InsertModuleInContent.Filters.HtmlFilter.ProcessContent(String text, String flavor)
   ? Orchard.Core.Common.Drivers.BodyPartDriver.<>c__DisplayClass7.<Display>b__4(String text, IHtmlFilter filter) ? c:\D\tmp\My\Orchard.Source.1.7.2\src\Orchard.Web\Core\Common\Drivers\BodyPartDriver.cs:?????? 40
   ? System.Linq.Enumerable.Aggregate[TSource,TAccumulate](IEnumerable`1 source, TAccumulate seed, Func`3 func)
   ? Orchard.Core.Common.Drivers.BodyPartDriver.<>c__DisplayClass7.<Display>b__3() ? c:\D\tmp\My\Orchard.Source.1.7.2\src\Orchard.Web\Core\Common\Drivers\BodyPartDriver.cs:?????? 40
   ? Orchard.ContentManagement.Drivers.ContentPartDriver`1.<>c__DisplayClassf.<ContentShape>b__e(BuildShapeContext ctx) ? c:\D\tmp\My\Orchard.Source.1.7.2\src\Orchard\ContentManagement\Drivers\ContentPartDriver.cs:?????? 130
   ? Orchard.ContentManagement.Drivers.ContentPartDriver`1.<>c__DisplayClass15.<ContentShapeImplementation>b__14(BuildShapeContext ctx) ? c:\D\tmp\My\Orchard.Source.1.7.2\src\Orchard\ContentManagement\Drivers\ContentPartDriver.cs:?????? 139
   ? Orchard.ContentManagement.Drivers.ContentShapeResult.ApplyImplementation(BuildShapeContext context, String displayType) ? c:\D\tmp\My\Orchard.Source.1.7.2\src\Orchard\ContentManagement\Drivers\ContentShapeResult.cs:?????? 36
   ? Orchard.ContentManagement.Drivers.ContentShapeResult.Apply(BuildDisplayContext context) ? c:\D\tmp\My\Orchard.Source.1.7.2\src\Orchard\ContentManagement\Drivers\ContentShapeResult.cs:?????? 21
   ? Orchard.ContentManagement.Drivers.CombinedResult.Apply(BuildDisplayContext context) ? c:\D\tmp\My\Orchard.Source.1.7.2\src\Orchard\ContentManagement\Drivers\CombinedResult.cs:?????? 28
   ? Orchard.ContentManagement.Drivers.Coordinators.ContentPartDriverCoordinator.<>c__DisplayClassa.<BuildDisplay>b__9(IContentPartDriver driver) ? c:\D\tmp\My\Orchard.Source.1.7.2\src\Orchard\ContentManagement\Drivers\Coordinators\ContentPartDriverCoordinator.cs:?????? 49
   ? Orchard.InvokeExtensions.Invoke[TEvents](IEnumerable`1 events, Action`1 dispatch, ILogger logger) ? c:\D\tmp\My\Orchard.Source.1.7.2\src\Orchard\InvokeExtensions.cs:?????? 17
2013-12-30 17:26:01,567 [5] Orchard.Environment.Extensions.ExtensionManager - No suitable loader found for extension "MyTheme"
2013-12-30 17:29:47,325 [6] Orchard.Environment.Extensions.ExtensionManager - No suitable loader found for extension "MyTheme"
2013-12-30 17:32:41,760 [16] Orchard.DisplayManagement.Implementation.DefaultDisplayManager - RuntimeBinderException thrown from Action`1 by System.Action`1[[Orchard.DisplayManagement.Implementation.ShapeDisplayingContext, Orchard.Framework, Version=1.7.2.0, Culture=neutral, PublicKeyToken=null]]
Microsoft.CSharp.RuntimeBinder.RuntimeBinderException: ???????? ?????????? ????????????? ????? ??? "Orchard.Core.Shapes.CoreShapes.EncodeAlternateElement(string)" ????? ????????? ???????????? ??????????
   ? CallSite.Target(Closure , CallSite , CoreShapes , Object )
   ? System.Dynamic.UpdateDelegates.UpdateAndExecute2[T0,T1,TRet](CallSite site, T0 arg0, T1 arg1)
   ? CallSite.Target(Closure , CallSite , CoreShapes , Object )
   ? Orchard.Core.Shapes.CoreShapes.<Discover>b__95(ShapeDisplayingContext displaying) ? c:\D\tmp\My\Orchard.Source.1.7.2\src\Orchard.Web\Core\Shapes\CoreShapes.cs:?????? 98
   ? Orchard.DisplayManagement.Implementation.DefaultDisplayManager.<>c__DisplayClassc.<Execute>b__3(Action`1 action) ? c:\D\tmp\My\Orchard.Source.1.7.2\src\Orchard\DisplayManagement\Implementation\DefaultDisplayManager.cs:?????? 68
   ? Orchard.InvokeExtensions.Invoke[TEvents](IEnumerable`1 events, Action`1 dispatch, ILogger logger) ? c:\D\tmp\My\Orchard.Source.1.7.2\src\Orchard\InvokeExtensions.cs:?????? 17
2013-12-30 17:48:23,042 [22] Orchard.Environment.Extensions.ExtensionManager - No suitable loader found for extension "MyTheme"
2013-12-30 17:50:38,229 [27] Orchard.Environment.Extensions.ExtensionManager - No suitable loader found for extension "MyTheme"
2013-12-30 17:50:39,663 [31] Orchard.Environment.DefaultBuildManager - Error when compiling assembly under ~/Modules/Alexan.PhotoAlbums/Alexan.PhotoAlbums.csproj.
System.Web.HttpCompileException (0x80004005): c:\D\tmp\My\Orchard.Source.1.7.2\src\Orchard.Web\Modules\Alexan.PhotoAlbums\Services\PhotoAlbumService.cs(6): error CS0234: The type or namespace name 'Routable' does not exist in the namespace 'Orchard.Core' (are you missing an assembly reference?)
   ? System.Web.Compilation.AssemblyBuilder.Compile()
   ? System.Web.Compilation.BuildProvidersCompiler.PerformBuild()
   ? System.Web.Compilation.BuildManager.CompileWebFile(VirtualPath virtualPath)
   ? System.Web.Compilation.BuildManager.GetVPathBuildResultInternal(VirtualPath virtualPath, Boolean noBuild, Boolean allowCrossApp, Boolean allowBuildInPrecompile, Boolean throwIfNotFound, Boolean ensureIsUpToDate)
   ? System.Web.Compilation.BuildManager.GetVPathBuildResultWithNoAssert(HttpContext context, VirtualPath virtualPath, Boolean noBuild, Boolean allowCrossApp, Boolean allowBuildInPrecompile, Boolean throwIfNotFound, Boolean ensureIsUpToDate)
   ? System.Web.Compilation.BuildManager.GetVPathBuildResult(HttpContext context, VirtualPath virtualPath, Boolean noBuild, Boolean allowCrossApp, Boolean allowBuildInPrecompile, Boolean ensureIsUpToDate)
   ? System.Web.Compilation.BuildManager.GetCompiledAssembly(String virtualPath)
   ? Orchard.Environment.DefaultBuildManager.GetCompiledAssembly(String virtualPath) ? c:\D\tmp\My\Orchard.Source.1.7.2\src\Orchard\Environment\IBuildManager.cs:?????? 53
2013-12-30 17:50:39,668 [31] Orchard.Environment.Extensions.ExtensionManager - No suitable loader found for extension "Alexan.PhotoAlbums"
2013-12-30 17:50:43,969 [7] Orchard.Environment.DefaultBuildManager - Error when compiling assembly under ~/Modules/Alexan.PhotoAlbums/Alexan.PhotoAlbums.csproj.
System.Web.HttpCompileException (0x80004005): c:\D\tmp\My\Orchard.Source.1.7.2\src\Orchard.Web\Modules\Alexan.PhotoAlbums\Services\PhotoAlbumService.cs(6): error CS0234: The type or namespace name 'Routable' does not exist in the namespace 'Orchard.Core' (are you missing an assembly reference?)
   ? System.Web.Compilation.BuildManager.PostProcessFoundBuildResult(BuildResult result, Boolean keyFromVPP, VirtualPath virtualPath)
   ? System.Web.Compilation.BuildManager.GetBuildResultFromCacheInternal(String cacheKey, Boolean keyFromVPP, VirtualPath virtualPath, Int64 hashCode, Boolean ensureIsUpToDate)
   ? System.Web.Compilation.BuildManager.GetVPathBuildResultFromCacheInternal(VirtualPath virtualPath, Boolean ensureIsUpToDate)
   ? System.Web.Compilation.BuildManager.GetVPathBuildResultInternal(VirtualPath virtualPath, Boolean noBuild, Boolean allowCrossApp, Boolean allowBuildInPrecompile, Boolean throwIfNotFound, Boolean ensureIsUpToDate)
   ? System.Web.Compilation.BuildManager.GetVPathBuildResultWithNoAssert(HttpContext context, VirtualPath virtualPath, Boolean noBuild, Boolean allowCrossApp, Boolean allowBuildInPrecompile, Boolean throwIfNotFound, Boolean ensureIsUpToDate)
   ? System.Web.Compilation.BuildManager.GetVPathBuildResult(HttpContext context, VirtualPath virtualPath, Boolean noBuild, Boolean allowCrossApp, Boolean allowBuildInPrecompile, Boolean ensureIsUpToDate)
   ? System.Web.Compilation.BuildManager.GetCompiledAssembly(String virtualPath)
   ? Orchard.Environment.DefaultBuildManager.GetCompiledAssembly(String virtualPath) ? c:\D\tmp\My\Orchard.Source.1.7.2\src\Orchard\Environment\IBuildManager.cs:?????? 53
2013-12-30 17:50:43,980 [7] Orchard.Environment.DefaultBuildManager - Error when compiling assembly under ~/Modules/Alexan.PhotoAlbums/Alexan.PhotoAlbums.csproj.
System.Web.HttpCompileException (0x80004005): c:\D\tmp\My\Orchard.Source.1.7.2\src\Orchard.Web\Modules\Alexan.PhotoAlbums\Services\PhotoAlbumService.cs(6): error CS0234: The type or namespace name 'Routable' does not exist in the namespace 'Orchard.Core' (are you missing an assembly reference?)
   ? System.Web.Compilation.BuildManager.PostProcessFoundBuildResult(BuildResult result, Boolean keyFromVPP, VirtualPath virtualPath)
   ? System.Web.Compilation.BuildManager.GetBuildResultFromCacheInternal(String cacheKey, Boolean keyFromVPP, VirtualPath virtualPath, Int64 hashCode, Boolean ensureIsUpToDate)
   ? System.Web.Compilation.BuildManager.GetVPathBuildResultFromCacheInternal(VirtualPath virtualPath, Boolean ensureIsUpToDate)
   ? System.Web.Compilation.BuildManager.GetVPathBuildResultInternal(VirtualPath virtualPath, Boolean noBuild, Boolean allowCrossApp, Boolean allowBuildInPrecompile, Boolean throwIfNotFound, Boolean ensureIsUpToDate)
   ? System.Web.Compilation.BuildManager.GetVPathBuildResultWithNoAssert(HttpContext context, VirtualPath virtualPath, Boolean noBuild, Boolean allowCrossApp, Boolean allowBuildInPrecompile, Boolean throwIfNotFound, Boolean ensureIsUpToDate)
   ? System.Web.Compilation.BuildManager.GetVPathBuildResult(HttpContext context, VirtualPath virtualPath, Boolean noBuild, Boolean allowCrossApp, Boolean allowBuildInPrecompile, Boolean ensureIsUpToDate)
   ? System.Web.Compilation.BuildManager.GetCompiledAssembly(String virtualPath)
   ? Orchard.Environment.DefaultBuildManager.GetCompiledAssembly(String virtualPath) ? c:\D\tmp\My\Orchard.Source.1.7.2\src\Orchard\Environment\IBuildManager.cs:?????? 53
2013-12-30 17:50:43,990 [7] Orchard.Environment.DefaultBuildManager - Error when compiling assembly under ~/Modules/Alexan.PhotoAlbums/Alexan.PhotoAlbums.csproj.
System.Web.HttpCompileException (0x80004005): c:\D\tmp\My\Orchard.Source.1.7.2\src\Orchard.Web\Modules\Alexan.PhotoAlbums\Services\PhotoAlbumService.cs(6): error CS0234: The type or namespace name 'Routable' does not exist in the namespace 'Orchard.Core' (are you missing an assembly reference?)
   ? System.Web.Compilation.BuildManager.PostProcessFoundBuildResult(BuildResult result, Boolean keyFromVPP, VirtualPath virtualPath)
   ? System.Web.Compilation.BuildManager.GetBuildResultFromCacheInternal(String cacheKey, Boolean keyFromVPP, VirtualPath virtualPath, Int64 hashCode, Boolean ensureIsUpToDate)
   ? System.Web.Compilation.BuildManager.GetVPathBuildResultFromCacheInternal(VirtualPath virtualPath, Boolean ensureIsUpToDate)
   ? System.Web.Compilation.BuildManager.GetVPathBuildResultInternal(VirtualPath virtualPath, Boolean noBuild, Boolean allowCrossApp, Boolean allowBuildInPrecompile, Boolean throwIfNotFound, Boolean ensureIsUpToDate)
   ? System.Web.Compilation.BuildManager.GetVPathBuildResultWithNoAssert(HttpContext context, VirtualPath virtualPath, Boolean noBuild, Boolean allowCrossApp, Boolean allowBuildInPrecompile, Boolean throwIfNotFound, Boolean ensureIsUpToDate)
   ? System.Web.Compilation.BuildManager.GetVPathBuildResult(HttpContext context, VirtualPath virtualPath, Boolean noBuild, Boolean allowCrossApp, Boolean allowBuildInPrecompile, Boolean ensureIsUpToDate)
   ? System.Web.Compilation.BuildManager.GetCompiledAssembly(String virtualPath)
   ? Orchard.Environment.DefaultBuildManager.GetCompiledAssembly(String virtualPath) ? c:\D\tmp\My\Orchard.Source.1.7.2\src\Orchard\Environment\IBuildManager.cs:?????? 53
2013-12-30 17:50:43,996 [7] Orchard.Environment.DefaultBuildManager - Error when compiling assembly under ~/Modules/Alexan.PhotoAlbums/Alexan.PhotoAlbums.csproj.
System.Web.HttpCompileException (0x80004005): c:\D\tmp\My\Orchard.Source.1.7.2\src\Orchard.Web\Modules\Alexan.PhotoAlbums\Services\PhotoAlbumService.cs(6): error CS0234: The type or namespace name 'Routable' does not exist in the namespace 'Orchard.Core' (are you missing an assembly reference?)
   ? System.Web.Compilation.BuildManager.PostProcessFoundBuildResult(BuildResult result, Boolean keyFromVPP, VirtualPath virtualPath)
   ? System.Web.Compilation.BuildManager.GetBuildResultFromCacheInternal(String cacheKey, Boolean keyFromVPP, VirtualPath virtualPath, Int64 hashCode, Boolean ensureIsUpToDate)
   ? System.Web.Compilation.BuildManager.GetVPathBuildResultFromCacheInternal(VirtualPath virtualPath, Boolean ensureIsUpToDate)
   ? System.Web.Compilation.BuildManager.GetVPathBuildResultInternal(VirtualPath virtualPath, Boolean noBuild, Boolean allowCrossApp, Boolean allowBuildInPrecompile, Boolean throwIfNotFound, Boolean ensureIsUpToDate)
   ? System.Web.Compilation.BuildManager.GetVPathBuildResultWithNoAssert(HttpContext context, VirtualPath virtualPath, Boolean noBuild, Boolean allowCrossApp, Boolean allowBuildInPrecompile, Boolean throwIfNotFound, Boolean ensureIsUpToDate)
   ? System.Web.Compilation.BuildManager.GetVPathBuildResult(HttpContext context, VirtualPath virtualPath, Boolean noBuild, Boolean allowCrossApp, Boolean allowBuildInPrecompile, Boolean ensureIsUpToDate)
   ? System.Web.Compilation.BuildManager.GetCompiledAssembly(String virtualPath)
   ? Orchard.Environment.DefaultBuildManager.GetCompiledAssembly(String virtualPath) ? c:\D\tmp\My\Orchard.Source.1.7.2\src\Orchard\Environment\IBuildManager.cs:?????? 53
2013-12-30 17:50:44,004 [7] Orchard.Environment.DefaultBuildManager - Error when compiling assembly under ~/Modules/Alexan.PhotoAlbums/Alexan.PhotoAlbums.csproj.
System.Web.HttpCompileException (0x80004005): c:\D\tmp\My\Orchard.Source.1.7.2\src\Orchard.Web\Modules\Alexan.PhotoAlbums\Services\PhotoAlbumService.cs(6): error CS0234: The type or namespace name 'Routable' does not exist in the namespace 'Orchard.Core' (are you missing an assembly reference?)
   ? System.Web.Compilation.BuildManager.PostProcessFoundBuildResult(BuildResult result, Boolean keyFromVPP, VirtualPath virtualPath)
   ? System.Web.Compilation.BuildManager.GetBuildResultFromCacheInternal(String cacheKey, Boolean keyFromVPP, VirtualPath virtualPath, Int64 hashCode, Boolean ensureIsUpToDate)
   ? System.Web.Compilation.BuildManager.GetVPathBuildResultFromCacheInternal(VirtualPath virtualPath, Boolean ensureIsUpToDate)
   ? System.Web.Compilation.BuildManager.GetVPathBuildResultInternal(VirtualPath virtualPath, Boolean noBuild, Boolean allowCrossApp, Boolean allowBuildInPrecompile, Boolean throwIfNotFound, Boolean ensureIsUpToDate)
   ? System.Web.Compilation.BuildManager.GetVPathBuildResultWithNoAssert(HttpContext context, VirtualPath virtualPath, Boolean noBuild, Boolean allowCrossApp, Boolean allowBuildInPrecompile, Boolean throwIfNotFound, Boolean ensureIsUpToDate)
   ? System.Web.Compilation.BuildManager.GetVPathBuildResult(HttpContext context, VirtualPath virtualPath, Boolean noBuild, Boolean allowCrossApp, Boolean allowBuildInPrecompile, Boolean ensureIsUpToDate)
   ? System.Web.Compilation.BuildManager.GetCompiledAssembly(String virtualPath)
   ? Orchard.Environment.DefaultBuildManager.GetCompiledAssembly(String virtualPath) ? c:\D\tmp\My\Orchard.Source.1.7.2\src\Orchard\Environment\IBuildManager.cs:?????? 53
2013-12-30 17:50:44,011 [7] Orchard.Environment.DefaultBuildManager - Error when compiling assembly under ~/Modules/Alexan.PhotoAlbums/Alexan.PhotoAlbums.csproj.
System.Web.HttpCompileException (0x80004005): c:\D\tmp\My\Orchard.Source.1.7.2\src\Orchard.Web\Modules\Alexan.PhotoAlbums\Services\PhotoAlbumService.cs(6): error CS0234: The type or namespace name 'Routable' does not exist in the namespace 'Orchard.Core' (are you missing an assembly reference?)
   ? System.Web.Compilation.BuildManager.PostProcessFoundBuildResult(BuildResult result, Boolean keyFromVPP, VirtualPath virtualPath)
   ? System.Web.Compilation.BuildManager.GetBuildResultFromCacheInternal(String cacheKey, Boolean keyFromVPP, VirtualPath virtualPath, Int64 hashCode, Boolean ensureIsUpToDate)
   ? System.Web.Compilation.BuildManager.GetVPathBuildResultFromCacheInternal(VirtualPath virtualPath, Boolean ensureIsUpToDate)
   ? System.Web.Compilation.BuildManager.GetVPathBuildResultInternal(VirtualPath virtualPath, Boolean noBuild, Boolean allowCrossApp, Boolean allowBuildInPrecompile, Boolean throwIfNotFound, Boolean ensureIsUpToDate)
   ? System.Web.Compilation.BuildManager.GetVPathBuildResultWithNoAssert(HttpContext context, VirtualPath virtualPath, Boolean noBuild, Boolean allowCrossApp, Boolean allowBuildInPrecompile, Boolean throwIfNotFound, Boolean ensureIsUpToDate)
   ? System.Web.Compilation.BuildManager.GetVPathBuildResult(HttpContext context, VirtualPath virtualPath, Boolean noBuild, Boolean allowCrossApp, Boolean allowBuildInPrecompile, Boolean ensureIsUpToDate)
   ? System.Web.Compilation.BuildManager.GetCompiledAssembly(String virtualPath)
   ? Orchard.Environment.DefaultBuildManager.GetCompiledAssembly(String virtualPath) ? c:\D\tmp\My\Orchard.Source.1.7.2\src\Orchard\Environment\IBuildManager.cs:?????? 53
2013-12-30 17:50:44,019 [7] Orchard.Environment.DefaultBuildManager - Error when compiling assembly under ~/Modules/Alexan.PhotoAlbums/Alexan.PhotoAlbums.csproj.
System.Web.HttpCompileException (0x80004005): c:\D\tmp\My\Orchard.Source.1.7.2\src\Orchard.Web\Modules\Alexan.PhotoAlbums\Services\PhotoAlbumService.cs(6): error CS0234: The type or namespace name 'Routable' does not exist in the namespace 'Orchard.Core' (are you missing an assembly reference?)
   ? System.Web.Compilation.BuildManager.PostProcessFoundBuildResult(BuildResult result, Boolean keyFromVPP, VirtualPath virtualPath)
   ? System.Web.Compilation.BuildManager.GetBuildResultFromCacheInternal(String cacheKey, Boolean keyFromVPP, VirtualPath virtualPath, Int64 hashCode, Boolean ensureIsUpToDate)
   ? System.Web.Compilation.BuildManager.GetVPathBuildResultFromCacheInternal(VirtualPath virtualPath, Boolean ensureIsUpToDate)
   ? System.Web.Compilation.BuildManager.GetVPathBuildResultInternal(VirtualPath virtualPath, Boolean noBuild, Boolean allowCrossApp, Boolean allowBuildInPrecompile, Boolean throwIfNotFound, Boolean ensureIsUpToDate)
   ? System.Web.Compilation.BuildManager.GetVPathBuildResultWithNoAssert(HttpContext context, VirtualPath virtualPath, Boolean noBuild, Boolean allowCrossApp, Boolean allowBuildInPrecompile, Boolean throwIfNotFound, Boolean ensureIsUpToDate)
   ? System.Web.Compilation.BuildManager.GetVPathBuildResult(HttpContext context, VirtualPath virtualPath, Boolean noBuild, Boolean allowCrossApp, Boolean allowBuildInPrecompile, Boolean ensureIsUpToDate)
   ? System.Web.Compilation.BuildManager.GetCompiledAssembly(String virtualPath)
   ? Orchard.Environment.DefaultBuildManager.GetCompiledAssembly(String virtualPath) ? c:\D\tmp\My\Orchard.Source.1.7.2\src\Orchard\Environment\IBuildManager.cs:?????? 53
2013-12-30 17:50:44,026 [7] Orchard.Environment.DefaultBuildManager - Error when compiling assembly under ~/Modules/Alexan.PhotoAlbums/Alexan.PhotoAlbums.csproj.
System.Web.HttpCompileException (0x80004005): c:\D\tmp\My\Orchard.Source.1.7.2\src\Orchard.Web\Modules\Alexan.PhotoAlbums\Services\PhotoAlbumService.cs(6): error CS0234: The type or namespace name 'Routable' does not exist in the namespace 'Orchard.Core' (are you missing an assembly reference?)
   ? System.Web.Compilation.BuildManager.PostProcessFoundBuildResult(BuildResult result, Boolean keyFromVPP, VirtualPath virtualPath)
   ? System.Web.Compilation.BuildManager.GetBuildResultFromCacheInternal(String cacheKey, Boolean keyFromVPP, VirtualPath virtualPath, Int64 hashCode, Boolean ensureIsUpToDate)
   ? System.Web.Compilation.BuildManager.GetVPathBuildResultFromCacheInternal(VirtualPath virtualPath, Boolean ensureIsUpToDate)
   ? System.Web.Compilation.BuildManager.GetVPathBuildResultInternal(VirtualPath virtualPath, Boolean noBuild, Boolean allowCrossApp, Boolean allowBuildInPrecompile, Boolean throwIfNotFound, Boolean ensureIsUpToDate)
   ? System.Web.Compilation.BuildManager.GetVPathBuildResultWithNoAssert(HttpContext context, VirtualPath virtualPath, Boolean noBuild, Boolean allowCrossApp, Boolean allowBuildInPrecompile, Boolean throwIfNotFound, Boolean ensureIsUpToDate)
   ? System.Web.Compilation.BuildManager.GetVPathBuildResult(HttpContext context, VirtualPath virtualPath, Boolean noBuild, Boolean allowCrossApp, Boolean allowBuildInPrecompile, Boolean ensureIsUpToDate)
   ? System.Web.Compilation.BuildManager.GetCompiledAssembly(String virtualPath)
   ? Orchard.Environment.DefaultBuildManager.GetCompiledAssembly(String virtualPath) ? c:\D\tmp\My\Orchard.Source.1.7.2\src\Orchard\Environment\IBuildManager.cs:?????? 53
2013-12-30 17:50:44,033 [7] Orchard.Environment.DefaultBuildManager - Error when compiling assembly under ~/Modules/Alexan.PhotoAlbums/Alexan.PhotoAlbums.csproj.
System.Web.HttpCompileException (0x80004005): c:\D\tmp\My\Orchard.Source.1.7.2\src\Orchard.Web\Modules\Alexan.PhotoAlbums\Services\PhotoAlbumService.cs(6): error CS0234: The type or namespace name 'Routable' does not exist in the namespace 'Orchard.Core' (are you missing an assembly reference?)
   ? System.Web.Compilation.BuildManager.PostProcessFoundBuildResult(BuildResult result, Boolean keyFromVPP, VirtualPath virtualPath)
   ? System.Web.Compilation.BuildManager.GetBuildResultFromCacheInternal(String cacheKey, Boolean keyFromVPP, VirtualPath virtualPath, Int64 hashCode, Boolean ensureIsUpToDate)
   ? System.Web.Compilation.BuildManager.GetVPathBuildResultFromCacheInternal(VirtualPath virtualPath, Boolean ensureIsUpToDate)
   ? System.Web.Compilation.BuildManager.GetVPathBuildResultInternal(VirtualPath virtualPath, Boolean noBuild, Boolean allowCrossApp, Boolean allowBuildInPrecompile, Boolean throwIfNotFound, Boolean ensureIsUpToDate)
   ? System.Web.Compilation.BuildManager.GetVPathBuildResultWithNoAssert(HttpContext context, VirtualPath virtualPath, Boolean noBuild, Boolean allowCrossApp, Boolean allowBuildInPrecompile, Boolean throwIfNotFound, Boolean ensureIsUpToDate)
   ? System.Web.Compilation.BuildManager.GetVPathBuildResult(HttpContext context, VirtualPath virtualPath, Boolean noBuild, Boolean allowCrossApp, Boolean allowBuildInPrecompile, Boolean ensureIsUpToDate)
   ? System.Web.Compilation.BuildManager.GetCompiledAssembly(String virtualPath)
   ? Orchard.Environment.DefaultBuildManager.GetCompiledAssembly(String virtualPath) ? c:\D\tmp\My\Orchard.Source.1.7.2\src\Orchard\Environment\IBuildManager.cs:?????? 53
2013-12-30 17:51:11,650 [25] Orchard.Environment.Extensions.ExtensionManager - No suitable loader found for extension "MyTheme"
2013-12-30 17:51:12,212 [13] Orchard.Environment.DefaultBuildManager - Error when compiling assembly under ~/Modules/Alexan.PhotoAlbums/Alexan.PhotoAlbums.csproj.
System.Web.HttpCompileException (0x80004005): c:\D\tmp\My\Orchard.Source.1.7.2\src\Orchard.Web\Modules\Alexan.PhotoAlbums\Models\PhotoPart.cs(4): error CS0234: The type or namespace name 'Routable' does not exist in the namespace 'Orchard.Core' (are you missing an assembly reference?)
   ? System.Web.Compilation.AssemblyBuilder.Compile()
   ? System.Web.Compilation.BuildProvidersCompiler.PerformBuild()
   ? System.Web.Compilation.BuildManager.CompileWebFile(VirtualPath virtualPath)
   ? System.Web.Compilation.BuildManager.GetVPathBuildResultInternal(VirtualPath virtualPath, Boolean noBuild, Boolean allowCrossApp, Boolean allowBuildInPrecompile, Boolean throwIfNotFound, Boolean ensureIsUpToDate)
   ? System.Web.Compilation.BuildManager.GetVPathBuildResultWithNoAssert(HttpContext context, VirtualPath virtualPath, Boolean noBuild, Boolean allowCrossApp, Boolean allowBuildInPrecompile, Boolean throwIfNotFound, Boolean ensureIsUpToDate)
   ? System.Web.Compilation.BuildManager.GetVPathBuildResult(HttpContext context, VirtualPath virtualPath, Boolean noBuild, Boolean allowCrossApp, Boolean allowBuildInPrecompile, Boolean ensureIsUpToDate)
   ? System.Web.Compilation.BuildManager.GetCompiledAssembly(String virtualPath)
   ? Orchard.Environment.DefaultBuildManager.GetCompiledAssembly(String virtualPath) ? c:\D\tmp\My\Orchard.Source.1.7.2\src\Orchard\Environment\IBuildManager.cs:?????? 53
2013-12-30 17:51:12,213 [13] Orchard.Environment.Extensions.ExtensionManager - No suitable loader found for extension "Alexan.PhotoAlbums"
2013-12-30 17:51:18,063 [34] Orchard.Environment.DefaultBuildManager - Error when compiling assembly under ~/Modules/Alexan.PhotoAlbums/Alexan.PhotoAlbums.csproj.
System.Web.HttpCompileException (0x80004005): c:\D\tmp\My\Orchard.Source.1.7.2\src\Orchard.Web\Modules\Alexan.PhotoAlbums\Models\PhotoPart.cs(4): error CS0234: The type or namespace name 'Routable' does not exist in the namespace 'Orchard.Core' (are you missing an assembly reference?)
   ? System.Web.Compilation.BuildManager.PostProcessFoundBuildResult(BuildResult result, Boolean keyFromVPP, VirtualPath virtualPath)
   ? System.Web.Compilation.BuildManager.GetBuildResultFromCacheInternal(String cacheKey, Boolean keyFromVPP, VirtualPath virtualPath, Int64 hashCode, Boolean ensureIsUpToDate)
   ? System.Web.Compilation.BuildManager.GetVPathBuildResultFromCacheInternal(VirtualPath virtualPath, Boolean ensureIsUpToDate)
   ? System.Web.Compilation.BuildManager.GetVPathBuildResultInternal(VirtualPath virtualPath, Boolean noBuild, Boolean allowCrossApp, Boolean allowBuildInPrecompile, Boolean throwIfNotFound, Boolean ensureIsUpToDate)
   ? System.Web.Compilation.BuildManager.GetVPathBuildResultWithNoAssert(HttpContext context, VirtualPath virtualPath, Boolean noBuild, Boolean allowCrossApp, Boolean allowBuildInPrecompile, Boolean throwIfNotFound, Boolean ensureIsUpToDate)
   ? System.Web.Compilation.BuildManager.GetVPathBuildResult(HttpContext context, VirtualPath virtualPath, Boolean noBuild, Boolean allowCrossApp, Boolean allowBuildInPrecompile, Boolean ensureIsUpToDate)
   ? System.Web.Compilation.BuildManager.GetCompiledAssembly(String virtualPath)
   ? Orchard.Environment.DefaultBuildManager.GetCompiledAssembly(String virtualPath) ? c:\D\tmp\My\Orchard.Source.1.7.2\src\Orchard\Environment\IBuildManager.cs:?????? 53
2013-12-30 17:51:18,072 [34] Orchard.Environment.DefaultBuildManager - Error when compiling assembly under ~/Modules/Alexan.PhotoAlbums/Alexan.PhotoAlbums.csproj.
System.Web.HttpCompileException (0x80004005): c:\D\tmp\My\Orchard.Source.1.7.2\src\Orchard.Web\Modules\Alexan.PhotoAlbums\Models\PhotoPart.cs(4): error CS0234: The type or namespace name 'Routable' does not exist in the namespace 'Orchard.Core' (are you missing an assembly reference?)
   ? System.Web.Compilation.BuildManager.PostProcessFoundBuildResult(BuildResult result, Boolean keyFromVPP, VirtualPath virtualPath)
   ? System.Web.Compilation.BuildManager.GetBuildResultFromCacheInternal(String cacheKey, Boolean keyFromVPP, VirtualPath virtualPath, Int64 hashCode, Boolean ensureIsUpToDate)
   ? System.Web.Compilation.BuildManager.GetVPathBuildResultFromCacheInternal(VirtualPath virtualPath, Boolean ensureIsUpToDate)
   ? System.Web.Compilation.BuildManager.GetVPathBuildResultInternal(VirtualPath virtualPath, Boolean noBuild, Boolean allowCrossApp, Boolean allowBuildInPrecompile, Boolean throwIfNotFound, Boolean ensureIsUpToDate)
   ? System.Web.Compilation.BuildManager.GetVPathBuildResultWithNoAssert(HttpContext context, VirtualPath virtualPath, Boolean noBuild, Boolean allowCrossApp, Boolean allowBuildInPrecompile, Boolean throwIfNotFound, Boolean ensureIsUpToDate)
   ? System.Web.Compilation.BuildManager.GetVPathBuildResult(HttpContext context, VirtualPath virtualPath, Boolean noBuild, Boolean allowCrossApp, Boolean allowBuildInPrecompile, Boolean ensureIsUpToDate)
   ? System.Web.Compilation.BuildManager.GetCompiledAssembly(String virtualPath)
   ? Orchard.Environment.DefaultBuildManager.GetCompiledAssembly(String virtualPath) ? c:\D\tmp\My\Orchard.Source.1.7.2\src\Orchard\Environment\IBuildManager.cs:?????? 53
2013-12-30 17:51:18,077 [34] Orchard.Environment.DefaultBuildManager - Error when compiling assembly under ~/Modules/Alexan.PhotoAlbums/Alexan.PhotoAlbums.csproj.
System.Web.HttpCompileException (0x80004005): c:\D\tmp\My\Orchard.Source.1.7.2\src\Orchard.Web\Modules\Alexan.PhotoAlbums\Models\PhotoPart.cs(4): error CS0234: The type or namespace name 'Routable' does not exist in the namespace 'Orchard.Core' (are you missing an assembly reference?)
   ? System.Web.Compilation.BuildManager.PostProcessFoundBuildResult(BuildResult result, Boolean keyFromVPP, VirtualPath virtualPath)
   ? System.Web.Compilation.BuildManager.GetBuildResultFromCacheInternal(String cacheKey, Boolean keyFromVPP, VirtualPath virtualPath, Int64 hashCode, Boolean ensureIsUpToDate)
   ? System.Web.Compilation.BuildManager.GetVPathBuildResultFromCacheInternal(VirtualPath virtualPath, Boolean ensureIsUpToDate)
   ? System.Web.Compilation.BuildManager.GetVPathBuildResultInternal(VirtualPath virtualPath, Boolean noBuild, Boolean allowCrossApp, Boolean allowBuildInPrecompile, Boolean throwIfNotFound, Boolean ensureIsUpToDate)
   ? System.Web.Compilation.BuildManager.GetVPathBuildResultWithNoAssert(HttpContext context, VirtualPath virtualPath, Boolean noBuild, Boolean allowCrossApp, Boolean allowBuildInPrecompile, Boolean throwIfNotFound, Boolean ensureIsUpToDate)
   ? System.Web.Compilation.BuildManager.GetVPathBuildResult(HttpContext context, VirtualPath virtualPath, Boolean noBuild, Boolean allowCrossApp, Boolean allowBuildInPrecompile, Boolean ensureIsUpToDate)
   ? System.Web.Compilation.BuildManager.GetCompiledAssembly(String virtualPath)
   ? Orchard.Environment.DefaultBuildManager.GetCompiledAssembly(String virtualPath) ? c:\D\tmp\My\Orchard.Source.1.7.2\src\Orchard\Environment\IBuildManager.cs:?????? 53
2013-12-30 17:51:18,084 [34] Orchard.Environment.DefaultBuildManager - Error when compiling assembly under ~/Modules/Alexan.PhotoAlbums/Alexan.PhotoAlbums.csproj.
System.Web.HttpCompileException (0x80004005): c:\D\tmp\My\Orchard.Source.1.7.2\src\Orchard.Web\Modules\Alexan.PhotoAlbums\Models\PhotoPart.cs(4): error CS0234: The type or namespace name 'Routable' does not exist in the namespace 'Orchard.Core' (are you missing an assembly reference?)
   ? System.Web.Compilation.BuildManager.PostProcessFoundBuildResult(BuildResult result, Boolean keyFromVPP, VirtualPath virtualPath)
   ? System.Web.Compilation.BuildManager.GetBuildResultFromCacheInternal(String cacheKey, Boolean keyFromVPP, VirtualPath virtualPath, Int64 hashCode, Boolean ensureIsUpToDate)
   ? System.Web.Compilation.BuildManager.GetVPathBuildResultFromCacheInternal(VirtualPath virtualPath, Boolean ensureIsUpToDate)
   ? System.Web.Compilation.BuildManager.GetVPathBuildResultInternal(VirtualPath virtualPath, Boolean noBuild, Boolean allowCrossApp, Boolean allowBuildInPrecompile, Boolean throwIfNotFound, Boolean ensureIsUpToDate)
   ? System.Web.Compilation.BuildManager.GetVPathBuildResultWithNoAssert(HttpContext context, VirtualPath virtualPath, Boolean noBuild, Boolean allowCrossApp, Boolean allowBuildInPrecompile, Boolean throwIfNotFound, Boolean ensureIsUpToDate)
   ? System.Web.Compilation.BuildManager.GetVPathBuildResult(HttpContext context, VirtualPath virtualPath, Boolean noBuild, Boolean allowCrossApp, Boolean allowBuildInPrecompile, Boolean ensureIsUpToDate)
   ? System.Web.Compilation.BuildManager.GetCompiledAssembly(String virtualPath)
   ? Orchard.Environment.DefaultBuildManager.GetCompiledAssembly(String virtualPath) ? c:\D\tmp\My\Orchard.Source.1.7.2\src\Orchard\Environment\IBuildManager.cs:?????? 53
2013-12-30 17:51:18,091 [34] Orchard.Environment.DefaultBuildManager - Error when compiling assembly under ~/Modules/Alexan.PhotoAlbums/Alexan.PhotoAlbums.csproj.
System.Web.HttpCompileException (0x80004005): c:\D\tmp\My\Orchard.Source.1.7.2\src\Orchard.Web\Modules\Alexan.PhotoAlbums\Models\PhotoPart.cs(4): error CS0234: The type or namespace name 'Routable' does not exist in the namespace 'Orchard.Core' (are you missing an assembly reference?)
   ? System.Web.Compilation.BuildManager.PostProcessFoundBuildResult(BuildResult result, Boolean keyFromVPP, VirtualPath virtualPath)
   ? System.Web.Compilation.BuildManager.GetBuildResultFromCacheInternal(String cacheKey, Boolean keyFromVPP, VirtualPath virtualPath, Int64 hashCode, Boolean ensureIsUpToDate)
   ? System.Web.Compilation.BuildManager.GetVPathBuildResultFromCacheInternal(VirtualPath virtualPath, Boolean ensureIsUpToDate)
   ? System.Web.Compilation.BuildManager.GetVPathBuildResultInternal(VirtualPath virtualPath, Boolean noBuild, Boolean allowCrossApp, Boolean allowBuildInPrecompile, Boolean throwIfNotFound, Boolean ensureIsUpToDate)
   ? System.Web.Compilation.BuildManager.GetVPathBuildResultWithNoAssert(HttpContext context, VirtualPath virtualPath, Boolean noBuild, Boolean allowCrossApp, Boolean allowBuildInPrecompile, Boolean throwIfNotFound, Boolean ensureIsUpToDate)
   ? System.Web.Compilation.BuildManager.GetVPathBuildResult(HttpContext context, VirtualPath virtualPath, Boolean noBuild, Boolean allowCrossApp, Boolean allowBuildInPrecompile, Boolean ensureIsUpToDate)
   ? System.Web.Compilation.BuildManager.GetCompiledAssembly(String virtualPath)
   ? Orchard.Environment.DefaultBuildManager.GetCompiledAssembly(String virtualPath) ? c:\D\tmp\My\Orchard.Source.1.7.2\src\Orchard\Environment\IBuildManager.cs:?????? 53
2013-12-30 17:51:18,097 [34] Orchard.Environment.DefaultBuildManager - Error when compiling assembly under ~/Modules/Alexan.PhotoAlbums/Alexan.PhotoAlbums.csproj.
System.Web.HttpCompileException (0x80004005): c:\D\tmp\My\Orchard.Source.1.7.2\src\Orchard.Web\Modules\Alexan.PhotoAlbums\Models\PhotoPart.cs(4): error CS0234: The type or namespace name 'Routable' does not exist in the namespace 'Orchard.Core' (are you missing an assembly reference?)
   ? System.Web.Compilation.BuildManager.PostProcessFoundBuildResult(BuildResult result, Boolean keyFromVPP, VirtualPath virtualPath)
   ? System.Web.Compilation.BuildManager.GetBuildResultFromCacheInternal(String cacheKey, Boolean keyFromVPP, VirtualPath virtualPath, Int64 hashCode, Boolean ensureIsUpToDate)
   ? System.Web.Compilation.BuildManager.GetVPathBuildResultFromCacheInternal(VirtualPath virtualPath, Boolean ensureIsUpToDate)
   ? System.Web.Compilation.BuildManager.GetVPathBuildResultInternal(VirtualPath virtualPath, Boolean noBuild, Boolean allowCrossApp, Boolean allowBuildInPrecompile, Boolean throwIfNotFound, Boolean ensureIsUpToDate)
   ? System.Web.Compilation.BuildManager.GetVPathBuildResultWithNoAssert(HttpContext context, VirtualPath virtualPath, Boolean noBuild, Boolean allowCrossApp, Boolean allowBuildInPrecompile, Boolean throwIfNotFound, Boolean ensureIsUpToDate)
   ? System.Web.Compilation.BuildManager.GetVPathBuildResult(HttpContext context, VirtualPath virtualPath, Boolean noBuild, Boolean allowCrossApp, Boolean allowBuildInPrecompile, Boolean ensureIsUpToDate)
   ? System.Web.Compilation.BuildManager.GetCompiledAssembly(String virtualPath)
   ? Orchard.Environment.DefaultBuildManager.GetCompiledAssembly(String virtualPath) ? c:\D\tmp\My\Orchard.Source.1.7.2\src\Orchard\Environment\IBuildManager.cs:?????? 53
2013-12-30 17:51:18,103 [34] Orchard.Environment.DefaultBuildManager - Error when compiling assembly under ~/Modules/Alexan.PhotoAlbums/Alexan.PhotoAlbums.csproj.
System.Web.HttpCompileException (0x80004005): c:\D\tmp\My\Orchard.Source.1.7.2\src\Orchard.Web\Modules\Alexan.PhotoAlbums\Models\PhotoPart.cs(4): error CS0234: The type or namespace name 'Routable' does not exist in the namespace 'Orchard.Core' (are you missing an assembly reference?)
   ? System.Web.Compilation.BuildManager.PostProcessFoundBuildResult(BuildResult result, Boolean keyFromVPP, VirtualPath virtualPath)
   ? System.Web.Compilation.BuildManager.GetBuildResultFromCacheInternal(String cacheKey, Boolean keyFromVPP, VirtualPath virtualPath, Int64 hashCode, Boolean ensureIsUpToDate)
   ? System.Web.Compilation.BuildManager.GetVPathBuildResultFromCacheInternal(VirtualPath virtualPath, Boolean ensureIsUpToDate)
   ? System.Web.Compilation.BuildManager.GetVPathBuildResultInternal(VirtualPath virtualPath, Boolean noBuild, Boolean allowCrossApp, Boolean allowBuildInPrecompile, Boolean throwIfNotFound, Boolean ensureIsUpToDate)
   ? System.Web.Compilation.BuildManager.GetVPathBuildResultWithNoAssert(HttpContext context, VirtualPath virtualPath, Boolean noBuild, Boolean allowCrossApp, Boolean allowBuildInPrecompile, Boolean throwIfNotFound, Boolean ensureIsUpToDate)
   ? System.Web.Compilation.BuildManager.GetVPathBuildResult(HttpContext context, VirtualPath virtualPath, Boolean noBuild, Boolean allowCrossApp, Boolean allowBuildInPrecompile, Boolean ensureIsUpToDate)
   ? System.Web.Compilation.BuildManager.GetCompiledAssembly(String virtualPath)
   ? Orchard.Environment.DefaultBuildManager.GetCompiledAssembly(String virtualPath) ? c:\D\tmp\My\Orchard.Source.1.7.2\src\Orchard\Environment\IBuildManager.cs:?????? 53
2013-12-30 17:51:18,114 [34] Orchard.Environment.DefaultBuildManager - Error when compiling assembly under ~/Modules/Alexan.PhotoAlbums/Alexan.PhotoAlbums.csproj.
System.Web.HttpCompileException (0x80004005): c:\D\tmp\My\Orchard.Source.1.7.2\src\Orchard.Web\Modules\Alexan.PhotoAlbums\Models\PhotoPart.cs(4): error CS0234: The type or namespace name 'Routable' does not exist in the namespace 'Orchard.Core' (are you missing an assembly reference?)
   ? System.Web.Compilation.BuildManager.PostProcessFoundBuildResult(BuildResult result, Boolean keyFromVPP, VirtualPath virtualPath)
   ? System.Web.Compilation.BuildManager.GetBuildResultFromCacheInternal(String cacheKey, Boolean keyFromVPP, VirtualPath virtualPath, Int64 hashCode, Boolean ensureIsUpToDate)
   ? System.Web.Compilation.BuildManager.GetVPathBuildResultFromCacheInternal(VirtualPath virtualPath, Boolean ensureIsUpToDate)
   ? System.Web.Compilation.BuildManager.GetVPathBuildResultInternal(VirtualPath virtualPath, Boolean noBuild, Boolean allowCrossApp, Boolean allowBuildInPrecompile, Boolean throwIfNotFound, Boolean ensureIsUpToDate)
   ? System.Web.Compilation.BuildManager.GetVPathBuildResultWithNoAssert(HttpContext context, VirtualPath virtualPath, Boolean noBuild, Boolean allowCrossApp, Boolean allowBuildInPrecompile, Boolean throwIfNotFound, Boolean ensureIsUpToDate)
   ? System.Web.Compilation.BuildManager.GetVPathBuildResult(HttpContext context, VirtualPath virtualPath, Boolean noBuild, Boolean allowCrossApp, Boolean allowBuildInPrecompile, Boolean ensureIsUpToDate)
   ? System.Web.Compilation.BuildManager.GetCompiledAssembly(String virtualPath)
   ? Orchard.Environment.DefaultBuildManager.GetCompiledAssembly(String virtualPath) ? c:\D\tmp\My\Orchard.Source.1.7.2\src\Orchard\Environment\IBuildManager.cs:?????? 53
2013-12-30 17:51:18,124 [34] Orchard.Environment.DefaultBuildManager - Error when compiling assembly under ~/Modules/Alexan.PhotoAlbums/Alexan.PhotoAlbums.csproj.
System.Web.HttpCompileException (0x80004005): c:\D\tmp\My\Orchard.Source.1.7.2\src\Orchard.Web\Modules\Alexan.PhotoAlbums\Models\PhotoPart.cs(4): error CS0234: The type or namespace name 'Routable' does not exist in the namespace 'Orchard.Core' (are you missing an assembly reference?)
   ? System.Web.Compilation.BuildManager.PostProcessFoundBuildResult(BuildResult result, Boolean keyFromVPP, VirtualPath virtualPath)
   ? System.Web.Compilation.BuildManager.GetBuildResultFromCacheInternal(String cacheKey, Boolean keyFromVPP, VirtualPath virtualPath, Int64 hashCode, Boolean ensureIsUpToDate)
   ? System.Web.Compilation.BuildManager.GetVPathBuildResultFromCacheInternal(VirtualPath virtualPath, Boolean ensureIsUpToDate)
   ? System.Web.Compilation.BuildManager.GetVPathBuildResultInternal(VirtualPath virtualPath, Boolean noBuild, Boolean allowCrossApp, Boolean allowBuildInPrecompile, Boolean throwIfNotFound, Boolean ensureIsUpToDate)
   ? System.Web.Compilation.BuildManager.GetVPathBuildResultWithNoAssert(HttpContext context, VirtualPath virtualPath, Boolean noBuild, Boolean allowCrossApp, Boolean allowBuildInPrecompile, Boolean throwIfNotFound, Boolean ensureIsUpToDate)
   ? System.Web.Compilation.BuildManager.GetVPathBuildResult(HttpContext context, VirtualPath virtualPath, Boolean noBuild, Boolean allowCrossApp, Boolean allowBuildInPrecompile, Boolean ensureIsUpToDate)
   ? System.Web.Compilation.BuildManager.GetCompiledAssembly(String virtualPath)
   ? Orchard.Environment.DefaultBuildManager.GetCompiledAssembly(String virtualPath) ? c:\D\tmp\My\Orchard.Source.1.7.2\src\Orchard\Environment\IBuildManager.cs:?????? 53
2013-12-30 17:52:33,715 [8] Orchard.Environment.DefaultBuildManager - Error when compiling assembly under ~/Modules/Alexan.PhotoAlbums/Alexan.PhotoAlbums.csproj.
System.Web.HttpCompileException (0x80004005): c:\D\tmp\My\Orchard.Source.1.7.2\src\Orchard.Web\Modules\Alexan.PhotoAlbums\Services\PhotoAlbumService.cs(6): error CS0234: The type or namespace name 'Routable' does not exist in the namespace 'Orchard.Core' (are you missing an assembly reference?)
   ? System.Web.Compilation.AssemblyBuilder.Compile()
   ? System.Web.Compilation.BuildProvidersCompiler.PerformBuild()
   ? System.Web.Compilation.BuildManager.CompileWebFile(VirtualPath virtualPath)
   ? System.Web.Compilation.BuildManager.GetVPathBuildResultInternal(VirtualPath virtualPath, Boolean noBuild, Boolean allowCrossApp, Boolean allowBuildInPrecompile, Boolean throwIfNotFound, Boolean ensureIsUpToDate)
   ? System.Web.Compilation.BuildManager.GetVPathBuildResultWithNoAssert(HttpContext context, VirtualPath virtualPath, Boolean noBuild, Boolean allowCrossApp, Boolean allowBuildInPrecompile, Boolean throwIfNotFound, Boolean ensureIsUpToDate)
   ? System.Web.Compilation.BuildManager.GetVPathBuildResult(HttpContext context, VirtualPath virtualPath, Boolean noBuild, Boolean allowCrossApp, Boolean allowBuildInPrecompile, Boolean ensureIsUpToDate)
   ? System.Web.Compilation.BuildManager.GetCompiledAssembly(String virtualPath)
   ? Orchard.Environment.DefaultBuildManager.GetCompiledAssembly(String virtualPath) ? c:\D\tmp\My\Orchard.Source.1.7.2\src\Orchard\Environment\IBuildManager.cs:?????? 53
2013-12-30 17:52:33,723 [8] Orchard.Environment.DefaultBuildManager - Error when compiling assembly under ~/Modules/Alexan.PhotoAlbums/Alexan.PhotoAlbums.csproj.
System.Web.HttpCompileException (0x80004005): c:\D\tmp\My\Orchard.Source.1.7.2\src\Orchard.Web\Modules\Alexan.PhotoAlbums\Services\PhotoAlbumService.cs(6): error CS0234: The type or namespace name 'Routable' does not exist in the namespace 'Orchard.Core' (are you missing an assembly reference?)
   ? System.Web.Compilation.BuildManager.PostProcessFoundBuildResult(BuildResult result, Boolean keyFromVPP, VirtualPath virtualPath)
   ? System.Web.Compilation.BuildManager.GetBuildResultFromCacheInternal(String cacheKey, Boolean keyFromVPP, VirtualPath virtualPath, Int64 hashCode, Boolean ensureIsUpToDate)
   ? System.Web.Compilation.BuildManager.GetVPathBuildResultFromCacheInternal(VirtualPath virtualPath, Boolean ensureIsUpToDate)
   ? System.Web.Compilation.BuildManager.GetVPathBuildResultInternal(VirtualPath virtualPath, Boolean noBuild, Boolean allowCrossApp, Boolean allowBuildInPrecompile, Boolean throwIfNotFound, Boolean ensureIsUpToDate)
   ? System.Web.Compilation.BuildManager.GetVPathBuildResultWithNoAssert(HttpContext context, VirtualPath virtualPath, Boolean noBuild, Boolean allowCrossApp, Boolean allowBuildInPrecompile, Boolean throwIfNotFound, Boolean ensureIsUpToDate)
   ? System.Web.Compilation.BuildManager.GetVPathBuildResult(HttpContext context, VirtualPath virtualPath, Boolean noBuild, Boolean allowCrossApp, Boolean allowBuildInPrecompile, Boolean ensureIsUpToDate)
   ? System.Web.Compilation.BuildManager.GetCompiledAssembly(String virtualPath)
   ? Orchard.Environment.DefaultBuildManager.GetCompiledAssembly(String virtualPath) ? c:\D\tmp\My\Orchard.Source.1.7.2\src\Orchard\Environment\IBuildManager.cs:?????? 53
2013-12-30 17:52:33,731 [8] Orchard.Environment.DefaultBuildManager - Error when compiling assembly under ~/Modules/Alexan.PhotoAlbums/Alexan.PhotoAlbums.csproj.
System.Web.HttpCompileException (0x80004005): c:\D\tmp\My\Orchard.Source.1.7.2\src\Orchard.Web\Modules\Alexan.PhotoAlbums\Services\PhotoAlbumService.cs(6): error CS0234: The type or namespace name 'Routable' does not exist in the namespace 'Orchard.Core' (are you missing an assembly reference?)
   ? System.Web.Compilation.BuildManager.PostProcessFoundBuildResult(BuildResult result, Boolean keyFromVPP, VirtualPath virtualPath)
   ? System.Web.Compilation.BuildManager.GetBuildResultFromCacheInternal(String cacheKey, Boolean keyFromVPP, VirtualPath virtualPath, Int64 hashCode, Boolean ensureIsUpToDate)
   ? System.Web.Compilation.BuildManager.GetVPathBuildResultFromCacheInternal(VirtualPath virtualPath, Boolean ensureIsUpToDate)
   ? System.Web.Compilation.BuildManager.GetVPathBuildResultInternal(VirtualPath virtualPath, Boolean noBuild, Boolean allowCrossApp, Boolean allowBuildInPrecompile, Boolean throwIfNotFound, Boolean ensureIsUpToDate)
   ? System.Web.Compilation.BuildManager.GetVPathBuildResultWithNoAssert(HttpContext context, VirtualPath virtualPath, Boolean noBuild, Boolean allowCrossApp, Boolean allowBuildInPrecompile, Boolean throwIfNotFound, Boolean ensureIsUpToDate)
   ? System.Web.Compilation.BuildManager.GetVPathBuildResult(HttpContext context, VirtualPath virtualPath, Boolean noBuild, Boolean allowCrossApp, Boolean allowBuildInPrecompile, Boolean ensureIsUpToDate)
   ? System.Web.Compilation.BuildManager.GetCompiledAssembly(String virtualPath)
   ? Orchard.Environment.DefaultBuildManager.GetCompiledAssembly(String virtualPath) ? c:\D\tmp\My\Orchard.Source.1.7.2\src\Orchard\Environment\IBuildManager.cs:?????? 53
2013-12-30 17:52:33,745 [8] Orchard.Environment.DefaultBuildManager - Error when compiling assembly under ~/Modules/Alexan.PhotoAlbums/Alexan.PhotoAlbums.csproj.
System.Web.HttpCompileException (0x80004005): c:\D\tmp\My\Orchard.Source.1.7.2\src\Orchard.Web\Modules\Alexan.PhotoAlbums\Services\PhotoAlbumService.cs(6): error CS0234: The type or namespace name 'Routable' does not exist in the namespace 'Orchard.Core' (are you missing an assembly reference?)
   ? System.Web.Compilation.BuildManager.PostProcessFoundBuildResult(BuildResult result, Boolean keyFromVPP, VirtualPath virtualPath)
   ? System.Web.Compilation.BuildManager.GetBuildResultFromCacheInternal(String cacheKey, Boolean keyFromVPP, VirtualPath virtualPath, Int64 hashCode, Boolean ensureIsUpToDate)
   ? System.Web.Compilation.BuildManager.GetVPathBuildResultFromCacheInternal(VirtualPath virtualPath, Boolean ensureIsUpToDate)
   ? System.Web.Compilation.BuildManager.GetVPathBuildResultInternal(VirtualPath virtualPath, Boolean noBuild, Boolean allowCrossApp, Boolean allowBuildInPrecompile, Boolean throwIfNotFound, Boolean ensureIsUpToDate)
   ? System.Web.Compilation.BuildManager.GetVPathBuildResultWithNoAssert(HttpContext context, VirtualPath virtualPath, Boolean noBuild, Boolean allowCrossApp, Boolean allowBuildInPrecompile, Boolean throwIfNotFound, Boolean ensureIsUpToDate)
   ? System.Web.Compilation.BuildManager.GetVPathBuildResult(HttpContext context, VirtualPath virtualPath, Boolean noBuild, Boolean allowCrossApp, Boolean allowBuildInPrecompile, Boolean ensureIsUpToDate)
   ? System.Web.Compilation.BuildManager.GetCompiledAssembly(String virtualPath)
   ? Orchard.Environment.DefaultBuildManager.GetCompiledAssembly(String virtualPath) ? c:\D\tmp\My\Orchard.Source.1.7.2\src\Orchard\Environment\IBuildManager.cs:?????? 53
2013-12-30 17:52:33,752 [8] Orchard.Environment.DefaultBuildManager - Error when compiling assembly under ~/Modules/Alexan.PhotoAlbums/Alexan.PhotoAlbums.csproj.
System.Web.HttpCompileException (0x80004005): c:\D\tmp\My\Orchard.Source.1.7.2\src\Orchard.Web\Modules\Alexan.PhotoAlbums\Services\PhotoAlbumService.cs(6): error CS0234: The type or namespace name 'Routable' does not exist in the namespace 'Orchard.Core' (are you missing an assembly reference?)
   ? System.Web.Compilation.BuildManager.PostProcessFoundBuildResult(BuildResult result, Boolean keyFromVPP, VirtualPath virtualPath)
   ? System.Web.Compilation.BuildManager.GetBuildResultFromCacheInternal(String cacheKey, Boolean keyFromVPP, VirtualPath virtualPath, Int64 hashCode, Boolean ensureIsUpToDate)
   ? System.Web.Compilation.BuildManager.GetVPathBuildResultFromCacheInternal(VirtualPath virtualPath, Boolean ensureIsUpToDate)
   ? System.Web.Compilation.BuildManager.GetVPathBuildResultInternal(VirtualPath virtualPath, Boolean noBuild, Boolean allowCrossApp, Boolean allowBuildInPrecompile, Boolean throwIfNotFound, Boolean ensureIsUpToDate)
   ? System.Web.Compilation.BuildManager.GetVPathBuildResultWithNoAssert(HttpContext context, VirtualPath virtualPath, Boolean noBuild, Boolean allowCrossApp, Boolean allowBuildInPrecompile, Boolean throwIfNotFound, Boolean ensureIsUpToDate)
   ? System.Web.Compilation.BuildManager.GetVPathBuildResult(HttpContext context, VirtualPath virtualPath, Boolean noBuild, Boolean allowCrossApp, Boolean allowBuildInPrecompile, Boolean ensureIsUpToDate)
   ? System.Web.Compilation.BuildManager.GetCompiledAssembly(String virtualPath)
   ? Orchard.Environment.DefaultBuildManager.GetCompiledAssembly(String virtualPath) ? c:\D\tmp\My\Orchard.Source.1.7.2\src\Orchard\Environment\IBuildManager.cs:?????? 53
2013-12-30 17:52:33,759 [8] Orchard.Environment.DefaultBuildManager - Error when compiling assembly under ~/Modules/Alexan.PhotoAlbums/Alexan.PhotoAlbums.csproj.
System.Web.HttpCompileException (0x80004005): c:\D\tmp\My\Orchard.Source.1.7.2\src\Orchard.Web\Modules\Alexan.PhotoAlbums\Services\PhotoAlbumService.cs(6): error CS0234: The type or namespace name 'Routable' does not exist in the namespace 'Orchard.Core' (are you missing an assembly reference?)
   ? System.Web.Compilation.BuildManager.PostProcessFoundBuildResult(BuildResult result, Boolean keyFromVPP, VirtualPath virtualPath)
   ? System.Web.Compilation.BuildManager.GetBuildResultFromCacheInternal(String cacheKey, Boolean keyFromVPP, VirtualPath virtualPath, Int64 hashCode, Boolean ensureIsUpToDate)
   ? System.Web.Compilation.BuildManager.GetVPathBuildResultFromCacheInternal(VirtualPath virtualPath, Boolean ensureIsUpToDate)
   ? System.Web.Compilation.BuildManager.GetVPathBuildResultInternal(VirtualPath virtualPath, Boolean noBuild, Boolean allowCrossApp, Boolean allowBuildInPrecompile, Boolean throwIfNotFound, Boolean ensureIsUpToDate)
   ? System.Web.Compilation.BuildManager.GetVPathBuildResultWithNoAssert(HttpContext context, VirtualPath virtualPath, Boolean noBuild, Boolean allowCrossApp, Boolean allowBuildInPrecompile, Boolean throwIfNotFound, Boolean ensureIsUpToDate)
   ? System.Web.Compilation.BuildManager.GetVPathBuildResult(HttpContext context, VirtualPath virtualPath, Boolean noBuild, Boolean allowCrossApp, Boolean allowBuildInPrecompile, Boolean ensureIsUpToDate)
   ? System.Web.Compilation.BuildManager.GetCompiledAssembly(String virtualPath)
   ? Orchard.Environment.DefaultBuildManager.GetCompiledAssembly(String virtualPath) ? c:\D\tmp\My\Orchard.Source.1.7.2\src\Orchard\Environment\IBuildManager.cs:?????? 53
2013-12-30 17:52:33,766 [8] Orchard.Environment.DefaultBuildManager - Error when compiling assembly under ~/Modules/Alexan.PhotoAlbums/Alexan.PhotoAlbums.csproj.
System.Web.HttpCompileException (0x80004005): c:\D\tmp\My\Orchard.Source.1.7.2\src\Orchard.Web\Modules\Alexan.PhotoAlbums\Services\PhotoAlbumService.cs(6): error CS0234: The type or namespace name 'Routable' does not exist in the namespace 'Orchard.Core' (are you missing an assembly reference?)
   ? System.Web.Compilation.BuildManager.PostProcessFoundBuildResult(BuildResult result, Boolean keyFromVPP, VirtualPath virtualPath)
   ? System.Web.Compilation.BuildManager.GetBuildResultFromCacheInternal(String cacheKey, Boolean keyFromVPP, VirtualPath virtualPath, Int64 hashCode, Boolean ensureIsUpToDate)
   ? System.Web.Compilation.BuildManager.GetVPathBuildResultFromCacheInternal(VirtualPath virtualPath, Boolean ensureIsUpToDate)
   ? System.Web.Compilation.BuildManager.GetVPathBuildResultInternal(VirtualPath virtualPath, Boolean noBuild, Boolean allowCrossApp, Boolean allowBuildInPrecompile, Boolean throwIfNotFound, Boolean ensureIsUpToDate)
   ? System.Web.Compilation.BuildManager.GetVPathBuildResultWithNoAssert(HttpContext context, VirtualPath virtualPath, Boolean noBuild, Boolean allowCrossApp, Boolean allowBuildInPrecompile, Boolean throwIfNotFound, Boolean ensureIsUpToDate)
   ? System.Web.Compilation.BuildManager.GetVPathBuildResult(HttpContext context, VirtualPath virtualPath, Boolean noBuild, Boolean allowCrossApp, Boolean allowBuildInPrecompile, Boolean ensureIsUpToDate)
   ? System.Web.Compilation.BuildManager.GetCompiledAssembly(String virtualPath)
   ? Orchard.Environment.DefaultBuildManager.GetCompiledAssembly(String virtualPath) ? c:\D\tmp\My\Orchard.Source.1.7.2\src\Orchard\Environment\IBuildManager.cs:?????? 53
2013-12-30 17:52:33,774 [8] Orchard.Environment.DefaultBuildManager - Error when compiling assembly under ~/Modules/Alexan.PhotoAlbums/Alexan.PhotoAlbums.csproj.
System.Web.HttpCompileException (0x80004005): c:\D\tmp\My\Orchard.Source.1.7.2\src\Orchard.Web\Modules\Alexan.PhotoAlbums\Services\PhotoAlbumService.cs(6): error CS0234: The type or namespace name 'Routable' does not exist in the namespace 'Orchard.Core' (are you missing an assembly reference?)
   ? System.Web.Compilation.BuildManager.PostProcessFoundBuildResult(BuildResult result, Boolean keyFromVPP, VirtualPath virtualPath)
   ? System.Web.Compilation.BuildManager.GetBuildResultFromCacheInternal(String cacheKey, Boolean keyFromVPP, VirtualPath virtualPath, Int64 hashCode, Boolean ensureIsUpToDate)
   ? System.Web.Compilation.BuildManager.GetVPathBuildResultFromCacheInternal(VirtualPath virtualPath, Boolean ensureIsUpToDate)
   ? System.Web.Compilation.BuildManager.GetVPathBuildResultInternal(VirtualPath virtualPath, Boolean noBuild, Boolean allowCrossApp, Boolean allowBuildInPrecompile, Boolean throwIfNotFound, Boolean ensureIsUpToDate)
   ? System.Web.Compilation.BuildManager.GetVPathBuildResultWithNoAssert(HttpContext context, VirtualPath virtualPath, Boolean noBuild, Boolean allowCrossApp, Boolean allowBuildInPrecompile, Boolean throwIfNotFound, Boolean ensureIsUpToDate)
   ? System.Web.Compilation.BuildManager.GetVPathBuildResult(HttpContext context, VirtualPath virtualPath, Boolean noBuild, Boolean allowCrossApp, Boolean allowBuildInPrecompile, Boolean ensureIsUpToDate)
   ? System.Web.Compilation.BuildManager.GetCompiledAssembly(String virtualPath)
   ? Orchard.Environment.DefaultBuildManager.GetCompiledAssembly(String virtualPath) ? c:\D\tmp\My\Orchard.Source.1.7.2\src\Orchard\Environment\IBuildManager.cs:?????? 53
2013-12-30 17:52:33,782 [8] Orchard.Environment.DefaultBuildManager - Error when compiling assembly under ~/Modules/Alexan.PhotoAlbums/Alexan.PhotoAlbums.csproj.
System.Web.HttpCompileException (0x80004005): c:\D\tmp\My\Orchard.Source.1.7.2\src\Orchard.Web\Modules\Alexan.PhotoAlbums\Services\PhotoAlbumService.cs(6): error CS0234: The type or namespace name 'Routable' does not exist in the namespace 'Orchard.Core' (are you missing an assembly reference?)
   ? System.Web.Compilation.BuildManager.PostProcessFoundBuildResult(BuildResult result, Boolean keyFromVPP, VirtualPath virtualPath)
   ? System.Web.Compilation.BuildManager.GetBuildResultFromCacheInternal(String cacheKey, Boolean keyFromVPP, VirtualPath virtualPath, Int64 hashCode, Boolean ensureIsUpToDate)
   ? System.Web.Compilation.BuildManager.GetVPathBuildResultFromCacheInternal(VirtualPath virtualPath, Boolean ensureIsUpToDate)
   ? System.Web.Compilation.BuildManager.GetVPathBuildResultInternal(VirtualPath virtualPath, Boolean noBuild, Boolean allowCrossApp, Boolean allowBuildInPrecompile, Boolean throwIfNotFound, Boolean ensureIsUpToDate)
   ? System.Web.Compilation.BuildManager.GetVPathBuildResultWithNoAssert(HttpContext context, VirtualPath virtualPath, Boolean noBuild, Boolean allowCrossApp, Boolean allowBuildInPrecompile, Boolean throwIfNotFound, Boolean ensureIsUpToDate)
   ? System.Web.Compilation.BuildManager.GetVPathBuildResult(HttpContext context, VirtualPath virtualPath, Boolean noBuild, Boolean allowCrossApp, Boolean allowBuildInPrecompile, Boolean ensureIsUpToDate)
   ? System.Web.Compilation.BuildManager.GetCompiledAssembly(String virtualPath)
   ? Orchard.Environment.DefaultBuildManager.GetCompiledAssembly(String virtualPath) ? c:\D\tmp\My\Orchard.Source.1.7.2\src\Orchard\Environment\IBuildManager.cs:?????? 53
2013-12-30 17:52:33,789 [8] Orchard.Environment.DefaultBuildManager - Error when compiling assembly under ~/Modules/Alexan.PhotoAlbums/Alexan.PhotoAlbums.csproj.
System.Web.HttpCompileException (0x80004005): c:\D\tmp\My\Orchard.Source.1.7.2\src\Orchard.Web\Modules\Alexan.PhotoAlbums\Services\PhotoAlbumService.cs(6): error CS0234: The type or namespace name 'Routable' does not exist in the namespace 'Orchard.Core' (are you missing an assembly reference?)
   ? System.Web.Compilation.BuildManager.PostProcessFoundBuildResult(BuildResult result, Boolean keyFromVPP, VirtualPath virtualPath)
   ? System.Web.Compilation.BuildManager.GetBuildResultFromCacheInternal(String cacheKey, Boolean keyFromVPP, VirtualPath virtualPath, Int64 hashCode, Boolean ensureIsUpToDate)
   ? System.Web.Compilation.BuildManager.GetVPathBuildResultFromCacheInternal(VirtualPath virtualPath, Boolean ensureIsUpToDate)
   ? System.Web.Compilation.BuildManager.GetVPathBuildResultInternal(VirtualPath virtualPath, Boolean noBuild, Boolean allowCrossApp, Boolean allowBuildInPrecompile, Boolean throwIfNotFound, Boolean ensureIsUpToDate)
   ? System.Web.Compilation.BuildManager.GetVPathBuildResultWithNoAssert(HttpContext context, VirtualPath virtualPath, Boolean noBuild, Boolean allowCrossApp, Boolean allowBuildInPrecompile, Boolean throwIfNotFound, Boolean ensureIsUpToDate)
   ? System.Web.Compilation.BuildManager.GetVPathBuildResult(HttpContext context, VirtualPath virtualPath, Boolean noBuild, Boolean allowCrossApp, Boolean allowBuildInPrecompile, Boolean ensureIsUpToDate)
   ? System.Web.Compilation.BuildManager.GetCompiledAssembly(String virtualPath)
   ? Orchard.Environment.DefaultBuildManager.GetCompiledAssembly(String virtualPath) ? c:\D\tmp\My\Orchard.Source.1.7.2\src\Orchard\Environment\IBuildManager.cs:?????? 53
2013-12-30 17:57:14,092 [43] Orchard.Environment.DefaultBuildManager - Error when compiling assembly under ~/Modules/Mello.ImageGallery/lib/ICSharpCode.SharpZipLib.dll.
System.Web.HttpException (0x80004005): ??? ?????????? ??????????, ??????????????????? ??? ?????????? '.dll'. ?? ?????? ???????????????? ???? ?? ???????? <compilation><buildProviders> ? machine.config ??? web.config. ?????????, ??? ?? ????? ??????? BuildProviderAppliesToAttribute, ?????????? ???????? 'Web' ??? 'All'.
   ? System.Web.Compilation.CompilationUtil.GetBuildProviderTypeFromExtension(CompilationSection config, String extension, BuildProviderAppliesTo neededFor, Boolean failIfUnknown)
   ? System.Web.Compilation.BuildManager.CreateBuildProvider(VirtualPath virtualPath, BuildProviderAppliesTo neededFor, CompilationSection compConfig, ICollection referencedAssemblies, Boolean failIfUnknown)
   ? System.Web.Compilation.BuildManager.CompileWebFile(VirtualPath virtualPath)
   ? System.Web.Compilation.BuildManager.GetVPathBuildResultInternal(VirtualPath virtualPath, Boolean noBuild, Boolean allowCrossApp, Boolean allowBuildInPrecompile, Boolean throwIfNotFound, Boolean ensureIsUpToDate)
   ? System.Web.Compilation.BuildManager.GetVPathBuildResultWithNoAssert(HttpContext context, VirtualPath virtualPath, Boolean noBuild, Boolean allowCrossApp, Boolean allowBuildInPrecompile, Boolean throwIfNotFound, Boolean ensureIsUpToDate)
   ? System.Web.Compilation.BuildManager.GetVPathBuildResult(HttpContext context, VirtualPath virtualPath, Boolean noBuild, Boolean allowCrossApp, Boolean allowBuildInPrecompile, Boolean ensureIsUpToDate)
   ? System.Web.Compilation.BuildManager.GetCompiledAssembly(String virtualPath)
   ? Orchard.Environment.DefaultBuildManager.GetCompiledAssembly(String virtualPath) ? c:\D\tmp\My\Orchard.Source.1.7.2\src\Orchard\Environment\IBuildManager.cs:?????? 53
2013-12-30 17:57:14,115 [43] Orchard.Environment.DefaultBuildManager - Error when compiling assembly under ~/Modules/Mello.ImageGallery/lib/ICSharpCode.SharpZipLib.dll.
System.Web.HttpException (0x80004005): ??? ?????????? ??????????, ??????????????????? ??? ?????????? '.dll'. ?? ?????? ???????????????? ???? ?? ???????? <compilation><buildProviders> ? machine.config ??? web.config. ?????????, ??? ?? ????? ??????? BuildProviderAppliesToAttribute, ?????????? ???????? 'Web' ??? 'All'.
   ? System.Web.Compilation.CompilationUtil.GetBuildProviderTypeFromExtension(CompilationSection config, String extension, BuildProviderAppliesTo neededFor, Boolean failIfUnknown)
   ? System.Web.Compilation.BuildManager.CreateBuildProvider(VirtualPath virtualPath, BuildProviderAppliesTo neededFor, CompilationSection compConfig, ICollection referencedAssemblies, Boolean failIfUnknown)
   ? System.Web.Compilation.BuildManager.CompileWebFile(VirtualPath virtualPath)
   ? System.Web.Compilation.BuildManager.GetVPathBuildResultInternal(VirtualPath virtualPath, Boolean noBuild, Boolean allowCrossApp, Boolean allowBuildInPrecompile, Boolean throwIfNotFound, Boolean ensureIsUpToDate)
   ? System.Web.Compilation.BuildManager.GetVPathBuildResultWithNoAssert(HttpContext context, VirtualPath virtualPath, Boolean noBuild, Boolean allowCrossApp, Boolean allowBuildInPrecompile, Boolean throwIfNotFound, Boolean ensureIsUpToDate)
   ? System.Web.Compilation.BuildManager.GetVPathBuildResult(HttpContext context, VirtualPath virtualPath, Boolean noBuild, Boolean allowCrossApp, Boolean allowBuildInPrecompile, Boolean ensureIsUpToDate)
   ? System.Web.Compilation.BuildManager.GetCompiledAssembly(String virtualPath)
   ? Orchard.Environment.DefaultBuildManager.GetCompiledAssembly(String virtualPath) ? c:\D\tmp\My\Orchard.Source.1.7.2\src\Orchard\Environment\IBuildManager.cs:?????? 53
2013-12-30 17:57:14,124 [43] Orchard.Environment.DefaultBuildManager - Error when compiling assembly under ~/Modules/Mello.ImageGallery/lib/ICSharpCode.SharpZipLib.dll.
System.Web.HttpException (0x80004005): ??? ?????????? ??????????, ??????????????????? ??? ?????????? '.dll'. ?? ?????? ???????????????? ???? ?? ???????? <compilation><buildProviders> ? machine.config ??? web.config. ?????????, ??? ?? ????? ??????? BuildProviderAppliesToAttribute, ?????????? ???????? 'Web' ??? 'All'.
   ? System.Web.Compilation.CompilationUtil.GetBuildProviderTypeFromExtension(CompilationSection config, String extension, BuildProviderAppliesTo neededFor, Boolean failIfUnknown)
   ? System.Web.Compilation.BuildManager.CreateBuildProvider(VirtualPath virtualPath, BuildProviderAppliesTo neededFor, CompilationSection compConfig, ICollection referencedAssemblies, Boolean failIfUnknown)
   ? System.Web.Compilation.BuildManager.CompileWebFile(VirtualPath virtualPath)
   ? System.Web.Compilation.BuildManager.GetVPathBuildResultInternal(VirtualPath virtualPath, Boolean noBuild, Boolean allowCrossApp, Boolean allowBuildInPrecompile, Boolean throwIfNotFound, Boolean ensureIsUpToDate)
   ? System.Web.Compilation.BuildManager.GetVPathBuildResultWithNoAssert(HttpContext context, VirtualPath virtualPath, Boolean noBuild, Boolean allowCrossApp, Boolean allowBuildInPrecompile, Boolean throwIfNotFound, Boolean ensureIsUpToDate)
   ? System.Web.Compilation.BuildManager.GetVPathBuildResult(HttpContext context, VirtualPath virtualPath, Boolean noBuild, Boolean allowCrossApp, Boolean allowBuildInPrecompile, Boolean ensureIsUpToDate)
   ? System.Web.Compilation.BuildManager.GetCompiledAssembly(String virtualPath)
   ? Orchard.Environment.DefaultBuildManager.GetCompiledAssembly(String virtualPath) ? c:\D\tmp\My\Orchard.Source.1.7.2\src\Orchard\Environment\IBuildManager.cs:?????? 53
2013-12-30 17:57:14,135 [43] Orchard.Environment.DefaultBuildManager - Error when compiling assembly under ~/Modules/Mello.ImageGallery/lib/ICSharpCode.SharpZipLib.dll.
System.Web.HttpException (0x80004005): ??? ?????????? ??????????, ??????????????????? ??? ?????????? '.dll'. ?? ?????? ???????????????? ???? ?? ???????? <compilation><buildProviders> ? machine.config ??? web.config. ?????????, ??? ?? ????? ??????? BuildProviderAppliesToAttribute, ?????????? ???????? 'Web' ??? 'All'.
   ? System.Web.Compilation.CompilationUtil.GetBuildProviderTypeFromExtension(CompilationSection config, String extension, BuildProviderAppliesTo neededFor, Boolean failIfUnknown)
   ? System.Web.Compilation.BuildManager.CreateBuildProvider(VirtualPath virtualPath, BuildProviderAppliesTo neededFor, CompilationSection compConfig, ICollection referencedAssemblies, Boolean failIfUnknown)
   ? System.Web.Compilation.BuildManager.CompileWebFile(VirtualPath virtualPath)
   ? System.Web.Compilation.BuildManager.GetVPathBuildResultInternal(VirtualPath virtualPath, Boolean noBuild, Boolean allowCrossApp, Boolean allowBuildInPrecompile, Boolean throwIfNotFound, Boolean ensureIsUpToDate)
   ? System.Web.Compilation.BuildManager.GetVPathBuildResultWithNoAssert(HttpContext context, VirtualPath virtualPath, Boolean noBuild, Boolean allowCrossApp, Boolean allowBuildInPrecompile, Boolean throwIfNotFound, Boolean ensureIsUpToDate)
   ? System.Web.Compilation.BuildManager.GetVPathBuildResult(HttpContext context, VirtualPath virtualPath, Boolean noBuild, Boolean allowCrossApp, Boolean allowBuildInPrecompile, Boolean ensureIsUpToDate)
   ? System.Web.Compilation.BuildManager.GetCompiledAssembly(String virtualPath)
   ? Orchard.Environment.DefaultBuildManager.GetCompiledAssembly(String virtualPath) ? c:\D\tmp\My\Orchard.Source.1.7.2\src\Orchard\Environment\IBuildManager.cs:?????? 53
2013-12-30 17:57:14,147 [43] Orchard.Environment.DefaultBuildManager - Error when compiling assembly under ~/Modules/Mello.ImageGallery/lib/ICSharpCode.SharpZipLib.dll.
System.Web.HttpException (0x80004005): ??? ?????????? ??????????, ??????????????????? ??? ?????????? '.dll'. ?? ?????? ???????????????? ???? ?? ???????? <compilation><buildProviders> ? machine.config ??? web.config. ?????????, ??? ?? ????? ??????? BuildProviderAppliesToAttribute, ?????????? ???????? 'Web' ??? 'All'.
   ? System.Web.Compilation.CompilationUtil.GetBuildProviderTypeFromExtension(CompilationSection config, String extension, BuildProviderAppliesTo neededFor, Boolean failIfUnknown)
   ? System.Web.Compilation.BuildManager.CreateBuildProvider(VirtualPath virtualPath, BuildProviderAppliesTo neededFor, CompilationSection compConfig, ICollection referencedAssemblies, Boolean failIfUnknown)
   ? System.Web.Compilation.BuildManager.CompileWebFile(VirtualPath virtualPath)
   ? System.Web.Compilation.BuildManager.GetVPathBuildResultInternal(VirtualPath virtualPath, Boolean noBuild, Boolean allowCrossApp, Boolean allowBuildInPrecompile, Boolean throwIfNotFound, Boolean ensureIsUpToDate)
   ? System.Web.Compilation.BuildManager.GetVPathBuildResultWithNoAssert(HttpContext context, VirtualPath virtualPath, Boolean noBuild, Boolean allowCrossApp, Boolean allowBuildInPrecompile, Boolean throwIfNotFound, Boolean ensureIsUpToDate)
   ? System.Web.Compilation.BuildManager.GetVPathBuildResult(HttpContext context, VirtualPath virtualPath, Boolean noBuild, Boolean allowCrossApp, Boolean allowBuildInPrecompile, Boolean ensureIsUpToDate)
   ? System.Web.Compilation.BuildManager.GetCompiledAssembly(String virtualPath)
   ? Orchard.Environment.DefaultBuildManager.GetCompiledAssembly(String virtualPath) ? c:\D\tmp\My\Orchard.Source.1.7.2\src\Orchard\Environment\IBuildManager.cs:?????? 53
2013-12-30 17:57:14,155 [43] Orchard.Environment.DefaultBuildManager - Error when compiling assembly under ~/Modules/Mello.ImageGallery/lib/ICSharpCode.SharpZipLib.dll.
System.Web.HttpException (0x80004005): ??? ?????????? ??????????, ??????????????????? ??? ?????????? '.dll'. ?? ?????? ???????????????? ???? ?? ???????? <compilation><buildProviders> ? machine.config ??? web.config. ?????????, ??? ?? ????? ??????? BuildProviderAppliesToAttribute, ?????????? ???????? 'Web' ??? 'All'.
   ? System.Web.Compilation.CompilationUtil.GetBuildProviderTypeFromExtension(CompilationSection config, String extension, BuildProviderAppliesTo neededFor, Boolean failIfUnknown)
   ? System.Web.Compilation.BuildManager.CreateBuildProvider(VirtualPath virtualPath, BuildProviderAppliesTo neededFor, CompilationSection compConfig, ICollection referencedAssemblies, Boolean failIfUnknown)
   ? System.Web.Compilation.BuildManager.CompileWebFile(VirtualPath virtualPath)
   ? System.Web.Compilation.BuildManager.GetVPathBuildResultInternal(VirtualPath virtualPath, Boolean noBuild, Boolean allowCrossApp, Boolean allowBuildInPrecompile, Boolean throwIfNotFound, Boolean ensureIsUpToDate)
   ? System.Web.Compilation.BuildManager.GetVPathBuildResultWithNoAssert(HttpContext context, VirtualPath virtualPath, Boolean noBuild, Boolean allowCrossApp, Boolean allowBuildInPrecompile, Boolean throwIfNotFound, Boolean ensureIsUpToDate)
   ? System.Web.Compilation.BuildManager.GetVPathBuildResult(HttpContext context, VirtualPath virtualPath, Boolean noBuild, Boolean allowCrossApp, Boolean allowBuildInPrecompile, Boolean ensureIsUpToDate)
   ? System.Web.Compilation.BuildManager.GetCompiledAssembly(String virtualPath)
   ? Orchard.Environment.DefaultBuildManager.GetCompiledAssembly(String virtualPath) ? c:\D\tmp\My\Orchard.Source.1.7.2\src\Orchard\Environment\IBuildManager.cs:?????? 53
2013-12-30 18:05:05,286 [7] Orchard.Environment.DefaultBuildManager - Error when compiling assembly under ~/Modules/Alexan.PhotoAlbums/Alexan.PhotoAlbums.csproj.
System.Web.HttpCompileException (0x80004005): c:\D\tmp\My\Orchard.Source.1.7.2\src\Orchard.Web\Modules\Alexan.PhotoAlbums\Models\PhotoPart.cs(4): error CS0234: The type or namespace name 'Routable' does not exist in the namespace 'Orchard.Core' (are you missing an assembly reference?)
   ? System.Web.Compilation.AssemblyBuilder.Compile()
   ? System.Web.Compilation.BuildProvidersCompiler.PerformBuild()
   ? System.Web.Compilation.BuildManager.CompileWebFile(VirtualPath virtualPath)
   ? System.Web.Compilation.BuildManager.GetVPathBuildResultInternal(VirtualPath virtualPath, Boolean noBuild, Boolean allowCrossApp, Boolean allowBuildInPrecompile, Boolean throwIfNotFound, Boolean ensureIsUpToDate)
   ? System.Web.Compilation.BuildManager.GetVPathBuildResultWithNoAssert(HttpContext context, VirtualPath virtualPath, Boolean noBuild, Boolean allowCrossApp, Boolean allowBuildInPrecompile, Boolean throwIfNotFound, Boolean ensureIsUpToDate)
   ? System.Web.Compilation.BuildManager.GetVPathBuildResult(HttpContext context, VirtualPath virtualPath, Boolean noBuild, Boolean allowCrossApp, Boolean allowBuildInPrecompile, Boolean ensureIsUpToDate)
   ? System.Web.Compilation.BuildManager.GetCompiledAssembly(String virtualPath)
   ? Orchard.Environment.DefaultBuildManager.GetCompiledAssembly(String virtualPath) ? c:\D\tmp\My\Orchard.Source.1.7.2\src\Orchard\Environment\IBuildManager.cs:?????? 53
2013-12-30 18:05:05,292 [5] Orchard.Environment.Extensions.ExtensionManager - No suitable loader found for extension "MyTheme"
2013-12-30 18:05:05,306 [7] Orchard.Environment.Extensions.ExtensionManager - No suitable loader found for extension "Alexan.PhotoAlbums"
2013-12-30 18:13:01,646 [23] Orchard.Environment.DefaultBuildManager - Error when compiling assembly under ~/Modules/Mello.ImageGallery/lib/ICSharpCode.SharpZipLib.dll.
System.Web.HttpException (0x80004005): ??? ?????????? ??????????, ??????????????????? ??? ?????????? '.dll'. ?? ?????? ???????????????? ???? ?? ???????? <compilation><buildProviders> ? machine.config ??? web.config. ?????????, ??? ?? ????? ??????? BuildProviderAppliesToAttribute, ?????????? ???????? 'Web' ??? 'All'.
   ? System.Web.Compilation.CompilationUtil.GetBuildProviderTypeFromExtension(CompilationSection config, String extension, BuildProviderAppliesTo neededFor, Boolean failIfUnknown)
   ? System.Web.Compilation.BuildManager.CreateBuildProvider(VirtualPath virtualPath, BuildProviderAppliesTo neededFor, CompilationSection compConfig, ICollection referencedAssemblies, Boolean failIfUnknown)
   ? System.Web.Compilation.BuildManager.CompileWebFile(VirtualPath virtualPath)
   ? System.Web.Compilation.BuildManager.GetVPathBuildResultInternal(VirtualPath virtualPath, Boolean noBuild, Boolean allowCrossApp, Boolean allowBuildInPrecompile, Boolean throwIfNotFound, Boolean ensureIsUpToDate)
   ? System.Web.Compilation.BuildManager.GetVPathBuildResultWithNoAssert(HttpContext context, VirtualPath virtualPath, Boolean noBuild, Boolean allowCrossApp, Boolean allowBuildInPrecompile, Boolean throwIfNotFound, Boolean ensureIsUpToDate)
   ? System.Web.Compilation.BuildManager.GetVPathBuildResult(HttpContext context, VirtualPath virtualPath, Boolean noBuild, Boolean allowCrossApp, Boolean allowBuildInPrecompile, Boolean ensureIsUpToDate)
   ? System.Web.Compilation.BuildManager.GetCompiledAssembly(String virtualPath)
   ? Orchard.Environment.DefaultBuildManager.GetCompiledAssembly(String virtualPath) ? c:\D\tmp\My\Orchard.Source.1.7.2\src\Orchard\Environment\IBuildManager.cs:?????? 53
2013-12-30 18:13:54,710 [5] Orchard.Environment.Extensions.ExtensionManager - No suitable loader found for extension "MyTheme"
2013-12-30 18:18:13,722 [8] Orchard.DisplayManagement.Implementation.DefaultDisplayManager - NullReferenceException thrown from Action`1 by System.Action`1[[Orchard.DisplayManagement.Implementation.ShapeDisplayingContext, Orchard.Framework, Version=1.7.2.0, Culture=neutral, PublicKeyToken=null]]
System.NullReferenceException: ?????? ?? ?????? ?? ????????? ?? ????????? ???????.
   ? Orchard.MediaLibrary.Services.Shapes.<Discover>b__3(ShapeDisplayingContext displaying)
   ? Orchard.DisplayManagement.Implementation.DefaultDisplayManager.<>c__DisplayClassc.<Execute>b__3(Action`1 action) ? c:\D\tmp\My\Orchard.Source.1.7.2\src\Orchard\DisplayManagement\Implementation\DefaultDisplayManager.cs:?????? 68
   ? Orchard.InvokeExtensions.Invoke[TEvents](IEnumerable`1 events, Action`1 dispatch, ILogger logger) ? c:\D\tmp\My\Orchard.Source.1.7.2\src\Orchard\InvokeExtensions.cs:?????? 17
2013-12-30 18:18:15,783 [13] Orchard.DisplayManagement.Implementation.DefaultDisplayManager - NullReferenceException thrown from Action`1 by System.Action`1[[Orchard.DisplayManagement.Implementation.ShapeDisplayingContext, Orchard.Framework, Version=1.7.2.0, Culture=neutral, PublicKeyToken=null]]
System.NullReferenceException: ?????? ?? ?????? ?? ????????? ?? ????????? ???????.
   ? Orchard.MediaLibrary.Services.Shapes.<Discover>b__3(ShapeDisplayingContext displaying)
   ? Orchard.DisplayManagement.Implementation.DefaultDisplayManager.<>c__DisplayClassc.<Execute>b__3(Action`1 action) ? c:\D\tmp\My\Orchard.Source.1.7.2\src\Orchard\DisplayManagement\Implementation\DefaultDisplayManager.cs:?????? 68
   ? Orchard.InvokeExtensions.Invoke[TEvents](IEnumerable`1 events, Action`1 dispatch, ILogger logger) ? c:\D\tmp\My\Orchard.Source.1.7.2\src\Orchard\InvokeExtensions.cs:?????? 17
2013-12-30 18:18:19,320 [10] Orchard.DisplayManagement.Implementation.DefaultDisplayManager - NullReferenceException thrown from Action`1 by System.Action`1[[Orchard.DisplayManagement.Implementation.ShapeDisplayingContext, Orchard.Framework, Version=1.7.2.0, Culture=neutral, PublicKeyToken=null]]
System.NullReferenceException: ?????? ?? ?????? ?? ????????? ?? ????????? ???????.
   ? Orchard.MediaLibrary.Services.Shapes.<Discover>b__3(ShapeDisplayingContext displaying)
   ? Orchard.DisplayManagement.Implementation.DefaultDisplayManager.<>c__DisplayClassc.<Execute>b__3(Action`1 action) ? c:\D\tmp\My\Orchard.Source.1.7.2\src\Orchard\DisplayManagement\Implementation\DefaultDisplayManager.cs:?????? 68
   ? Orchard.InvokeExtensions.Invoke[TEvents](IEnumerable`1 events, Action`1 dispatch, ILogger logger) ? c:\D\tmp\My\Orchard.Source.1.7.2\src\Orchard\InvokeExtensions.cs:?????? 17
2013-12-30 18:38:35,099 [5] Orchard.Environment.Extensions.ExtensionManager - No suitable loader found for extension "MyTheme"
2013-12-30 18:38:54,806 [7] Orchard.ContentManagement.Drivers.Coordinators.ContentPartDriverCoordinator - RuntimeBinderException thrown from IContentPartDriver by Orchard.Core.Common.Drivers.BodyPartDriver
Microsoft.CSharp.RuntimeBinder.RuntimeBinderException: ?????????? ????????????? ??? "Orchard.DisplayManagement.Shapes.Shape" ? "Orchard.ContentManagement.ContentItem"
   ? CallSite.Target(Closure , CallSite , Object )
   ? System.Dynamic.UpdateDelegates.UpdateAndExecute1[T0,TRet](CallSite site, T0 arg0)
   ? InsertModuleInContent.Models.WidgetParser.Replace(String text, IContentManager contentManager) ? c:\D\tmp\My\Orchard.Source.1.7.2\src\Orchard.Web\Modules\InsertModuleInContent\Models\WidgetParser.cs:?????? 39
   ? InsertModuleInContent.Filters.HtmlFilter.ProcessContent(String text, String flavor) ? c:\D\tmp\My\Orchard.Source.1.7.2\src\Orchard.Web\Modules\InsertModuleInContent\Filters\HtmlFilter.cs:?????? 15
   ? Orchard.Core.Common.Drivers.BodyPartDriver.<>c__DisplayClass7.<Display>b__4(String text, IHtmlFilter filter) ? c:\D\tmp\My\Orchard.Source.1.7.2\src\Orchard.Web\Core\Common\Drivers\BodyPartDriver.cs:?????? 40
   ? System.Linq.Enumerable.Aggregate[TSource,TAccumulate](IEnumerable`1 source, TAccumulate seed, Func`3 func)
   ? Orchard.Core.Common.Drivers.BodyPartDriver.<>c__DisplayClass7.<Display>b__3() ? c:\D\tmp\My\Orchard.Source.1.7.2\src\Orchard.Web\Core\Common\Drivers\BodyPartDriver.cs:?????? 40
   ? Orchard.ContentManagement.Drivers.ContentPartDriver`1.<>c__DisplayClassf.<ContentShape>b__e(BuildShapeContext ctx) ? c:\D\tmp\My\Orchard.Source.1.7.2\src\Orchard\ContentManagement\Drivers\ContentPartDriver.cs:?????? 130
   ? Orchard.ContentManagement.Drivers.ContentPartDriver`1.<>c__DisplayClass15.<ContentShapeImplementation>b__14(BuildShapeContext ctx) ? c:\D\tmp\My\Orchard.Source.1.7.2\src\Orchard\ContentManagement\Drivers\ContentPartDriver.cs:?????? 139
   ? Orchard.ContentManagement.Drivers.ContentShapeResult.ApplyImplementation(BuildShapeContext context, String displayType) ? c:\D\tmp\My\Orchard.Source.1.7.2\src\Orchard\ContentManagement\Drivers\ContentShapeResult.cs:?????? 36
   ? Orchard.ContentManagement.Drivers.ContentShapeResult.Apply(BuildDisplayContext context) ? c:\D\tmp\My\Orchard.Source.1.7.2\src\Orchard\ContentManagement\Drivers\ContentShapeResult.cs:?????? 21
   ? Orchard.ContentManagement.Drivers.CombinedResult.Apply(BuildDisplayContext context) ? c:\D\tmp\My\Orchard.Source.1.7.2\src\Orchard\ContentManagement\Drivers\CombinedResult.cs:?????? 28
   ? Orchard.ContentManagement.Drivers.Coordinators.ContentPartDriverCoordinator.<>c__DisplayClassa.<BuildDisplay>b__9(IContentPartDriver driver) ? c:\D\tmp\My\Orchard.Source.1.7.2\src\Orchard\ContentManagement\Drivers\Coordinators\ContentPartDriverCoordinator.cs:?????? 49
   ? Orchard.InvokeExtensions.Invoke[TEvents](IEnumerable`1 events, Action`1 dispatch, ILogger logger) ? c:\D\tmp\My\Orchard.Source.1.7.2\src\Orchard\InvokeExtensions.cs:?????? 17
2013-12-30 18:39:30,742 [8] Orchard.ContentManagement.Drivers.Coordinators.ContentPartDriverCoordinator - RuntimeBinderException thrown from IContentPartDriver by Orchard.Core.Common.Drivers.BodyPartDriver
Microsoft.CSharp.RuntimeBinder.RuntimeBinderException: ?????????? ????????????? ??? "Orchard.DisplayManagement.Shapes.Shape" ? "Orchard.ContentManagement.ContentItem"
   ? CallSite.Target(Closure , CallSite , Object )
   ? InsertModuleInContent.Models.WidgetParser.Replace(String text, IContentManager contentManager) ? c:\D\tmp\My\Orchard.Source.1.7.2\src\Orchard.Web\Modules\InsertModuleInContent\Models\WidgetParser.cs:?????? 39
   ? InsertModuleInContent.Filters.HtmlFilter.ProcessContent(String text, String flavor) ? c:\D\tmp\My\Orchard.Source.1.7.2\src\Orchard.Web\Modules\InsertModuleInContent\Filters\HtmlFilter.cs:?????? 15
   ? Orchard.Core.Common.Drivers.BodyPartDriver.<>c__DisplayClass7.<Display>b__4(String text, IHtmlFilter filter) ? c:\D\tmp\My\Orchard.Source.1.7.2\src\Orchard.Web\Core\Common\Drivers\BodyPartDriver.cs:?????? 40
   ? System.Linq.Enumerable.Aggregate[TSource,TAccumulate](IEnumerable`1 source, TAccumulate seed, Func`3 func)
   ? Orchard.Core.Common.Drivers.BodyPartDriver.<>c__DisplayClass7.<Display>b__3() ? c:\D\tmp\My\Orchard.Source.1.7.2\src\Orchard.Web\Core\Common\Drivers\BodyPartDriver.cs:?????? 40
   ? Orchard.ContentManagement.Drivers.ContentPartDriver`1.<>c__DisplayClassf.<ContentShape>b__e(BuildShapeContext ctx) ? c:\D\tmp\My\Orchard.Source.1.7.2\src\Orchard\ContentManagement\Drivers\ContentPartDriver.cs:?????? 130
   ? Orchard.ContentManagement.Drivers.ContentPartDriver`1.<>c__DisplayClass15.<ContentShapeImplementation>b__14(BuildShapeContext ctx) ? c:\D\tmp\My\Orchard.Source.1.7.2\src\Orchard\ContentManagement\Drivers\ContentPartDriver.cs:?????? 139
   ? Orchard.ContentManagement.Drivers.ContentShapeResult.ApplyImplementation(BuildShapeContext context, String displayType) ? c:\D\tmp\My\Orchard.Source.1.7.2\src\Orchard\ContentManagement\Drivers\ContentShapeResult.cs:?????? 36
   ? Orchard.ContentManagement.Drivers.ContentShapeResult.Apply(BuildDisplayContext context) ? c:\D\tmp\My\Orchard.Source.1.7.2\src\Orchard\ContentManagement\Drivers\ContentShapeResult.cs:?????? 21
   ? Orchard.ContentManagement.Drivers.CombinedResult.Apply(BuildDisplayContext context) ? c:\D\tmp\My\Orchard.Source.1.7.2\src\Orchard\ContentManagement\Drivers\CombinedResult.cs:?????? 28
   ? Orchard.ContentManagement.Drivers.Coordinators.ContentPartDriverCoordinator.<>c__DisplayClassa.<BuildDisplay>b__9(IContentPartDriver driver) ? c:\D\tmp\My\Orchard.Source.1.7.2\src\Orchard\ContentManagement\Drivers\Coordinators\ContentPartDriverCoordinator.cs:?????? 49
   ? Orchard.InvokeExtensions.Invoke[TEvents](IEnumerable`1 events, Action`1 dispatch, ILogger logger) ? c:\D\tmp\My\Orchard.Source.1.7.2\src\Orchard\InvokeExtensions.cs:?????? 17
2013-12-30 18:39:31,868 [7] Orchard.Environment.DefaultBuildManager - Error when compiling assembly under ~/Modules/Alexan.PhotoAlbums/Alexan.PhotoAlbums.csproj.
System.Web.HttpCompileException (0x80004005): c:\D\tmp\My\Orchard.Source.1.7.2\src\Orchard.Web\Modules\Alexan.PhotoAlbums\Models\PhotoPart.cs(4): error CS0234: The type or namespace name 'Routable' does not exist in the namespace 'Orchard.Core' (are you missing an assembly reference?)
   ? System.Web.Compilation.AssemblyBuilder.Compile()
   ? System.Web.Compilation.BuildProvidersCompiler.PerformBuild()
   ? System.Web.Compilation.BuildManager.CompileWebFile(VirtualPath virtualPath)
   ? System.Web.Compilation.BuildManager.GetVPathBuildResultInternal(VirtualPath virtualPath, Boolean noBuild, Boolean allowCrossApp, Boolean allowBuildInPrecompile, Boolean throwIfNotFound, Boolean ensureIsUpToDate)
   ? System.Web.Compilation.BuildManager.GetVPathBuildResultWithNoAssert(HttpContext context, VirtualPath virtualPath, Boolean noBuild, Boolean allowCrossApp, Boolean allowBuildInPrecompile, Boolean throwIfNotFound, Boolean ensureIsUpToDate)
   ? System.Web.Compilation.BuildManager.GetVPathBuildResult(HttpContext context, VirtualPath virtualPath, Boolean noBuild, Boolean allowCrossApp, Boolean allowBuildInPrecompile, Boolean ensureIsUpToDate)
   ? System.Web.Compilation.BuildManager.GetCompiledAssembly(String virtualPath)
   ? Orchard.Environment.DefaultBuildManager.GetCompiledAssembly(String virtualPath) ? c:\D\tmp\My\Orchard.Source.1.7.2\src\Orchard\Environment\IBuildManager.cs:?????? 53
2013-12-30 18:39:31,948 [7] Orchard.Environment.DefaultBuildManager - Error when compiling assembly under ~/Modules/Alexan.PhotoAlbums/Alexan.PhotoAlbums.csproj.
System.Web.HttpCompileException (0x80004005): c:\D\tmp\My\Orchard.Source.1.7.2\src\Orchard.Web\Modules\Alexan.PhotoAlbums\Models\PhotoPart.cs(4): error CS0234: The type or namespace name 'Routable' does not exist in the namespace 'Orchard.Core' (are you missing an assembly reference?)
   ? System.Web.Compilation.BuildManager.PostProcessFoundBuildResult(BuildResult result, Boolean keyFromVPP, VirtualPath virtualPath)
   ? System.Web.Compilation.BuildManager.GetBuildResultFromCacheInternal(String cacheKey, Boolean keyFromVPP, VirtualPath virtualPath, Int64 hashCode, Boolean ensureIsUpToDate)
   ? System.Web.Compilation.BuildManager.GetVPathBuildResultFromCacheInternal(VirtualPath virtualPath, Boolean ensureIsUpToDate)
   ? System.Web.Compilation.BuildManager.GetVPathBuildResultInternal(VirtualPath virtualPath, Boolean noBuild, Boolean allowCrossApp, Boolean allowBuildInPrecompile, Boolean throwIfNotFound, Boolean ensureIsUpToDate)
   ? System.Web.Compilation.BuildManager.GetVPathBuildResultWithNoAssert(HttpContext context, VirtualPath virtualPath, Boolean noBuild, Boolean allowCrossApp, Boolean allowBuildInPrecompile, Boolean throwIfNotFound, Boolean ensureIsUpToDate)
   ? System.Web.Compilation.BuildManager.GetVPathBuildResult(HttpContext context, VirtualPath virtualPath, Boolean noBuild, Boolean allowCrossApp, Boolean allowBuildInPrecompile, Boolean ensureIsUpToDate)
   ? System.Web.Compilation.BuildManager.GetCompiledAssembly(String virtualPath)
   ? Orchard.Environment.DefaultBuildManager.GetCompiledAssembly(String virtualPath) ? c:\D\tmp\My\Orchard.Source.1.7.2\src\Orchard\Environment\IBuildManager.cs:?????? 53
2013-12-30 18:39:31,955 [7] Orchard.Environment.DefaultBuildManager - Error when compiling assembly under ~/Modules/Alexan.PhotoAlbums/Alexan.PhotoAlbums.csproj.
System.Web.HttpCompileException (0x80004005): c:\D\tmp\My\Orchard.Source.1.7.2\src\Orchard.Web\Modules\Alexan.PhotoAlbums\Models\PhotoPart.cs(4): error CS0234: The type or namespace name 'Routable' does not exist in the namespace 'Orchard.Core' (are you missing an assembly reference?)
   ? System.Web.Compilation.BuildManager.PostProcessFoundBuildResult(BuildResult result, Boolean keyFromVPP, VirtualPath virtualPath)
   ? System.Web.Compilation.BuildManager.GetBuildResultFromCacheInternal(String cacheKey, Boolean keyFromVPP, VirtualPath virtualPath, Int64 hashCode, Boolean ensureIsUpToDate)
   ? System.Web.Compilation.BuildManager.GetVPathBuildResultFromCacheInternal(VirtualPath virtualPath, Boolean ensureIsUpToDate)
   ? System.Web.Compilation.BuildManager.GetVPathBuildResultInternal(VirtualPath virtualPath, Boolean noBuild, Boolean allowCrossApp, Boolean allowBuildInPrecompile, Boolean throwIfNotFound, Boolean ensureIsUpToDate)
   ? System.Web.Compilation.BuildManager.GetVPathBuildResultWithNoAssert(HttpContext context, VirtualPath virtualPath, Boolean noBuild, Boolean allowCrossApp, Boolean allowBuildInPrecompile, Boolean throwIfNotFound, Boolean ensureIsUpToDate)
   ? System.Web.Compilation.BuildManager.GetVPathBuildResult(HttpContext context, VirtualPath virtualPath, Boolean noBuild, Boolean allowCrossApp, Boolean allowBuildInPrecompile, Boolean ensureIsUpToDate)
   ? System.Web.Compilation.BuildManager.GetCompiledAssembly(String virtualPath)
   ? Orchard.Environment.DefaultBuildManager.GetCompiledAssembly(String virtualPath) ? c:\D\tmp\My\Orchard.Source.1.7.2\src\Orchard\Environment\IBuildManager.cs:?????? 53
2013-12-30 18:39:31,962 [7] Orchard.Environment.DefaultBuildManager - Error when compiling assembly under ~/Modules/Alexan.PhotoAlbums/Alexan.PhotoAlbums.csproj.
System.Web.HttpCompileException (0x80004005): c:\D\tmp\My\Orchard.Source.1.7.2\src\Orchard.Web\Modules\Alexan.PhotoAlbums\Models\PhotoPart.cs(4): error CS0234: The type or namespace name 'Routable' does not exist in the namespace 'Orchard.Core' (are you missing an assembly reference?)
   ? System.Web.Compilation.BuildManager.PostProcessFoundBuildResult(BuildResult result, Boolean keyFromVPP, VirtualPath virtualPath)
   ? System.Web.Compilation.BuildManager.GetBuildResultFromCacheInternal(String cacheKey, Boolean keyFromVPP, VirtualPath virtualPath, Int64 hashCode, Boolean ensureIsUpToDate)
   ? System.Web.Compilation.BuildManager.GetVPathBuildResultFromCacheInternal(VirtualPath virtualPath, Boolean ensureIsUpToDate)
   ? System.Web.Compilation.BuildManager.GetVPathBuildResultInternal(VirtualPath virtualPath, Boolean noBuild, Boolean allowCrossApp, Boolean allowBuildInPrecompile, Boolean throwIfNotFound, Boolean ensureIsUpToDate)
   ? System.Web.Compilation.BuildManager.GetVPathBuildResultWithNoAssert(HttpContext context, VirtualPath virtualPath, Boolean noBuild, Boolean allowCrossApp, Boolean allowBuildInPrecompile, Boolean throwIfNotFound, Boolean ensureIsUpToDate)
   ? System.Web.Compilation.BuildManager.GetVPathBuildResult(HttpContext context, VirtualPath virtualPath, Boolean noBuild, Boolean allowCrossApp, Boolean allowBuildInPrecompile, Boolean ensureIsUpToDate)
   ? System.Web.Compilation.BuildManager.GetCompiledAssembly(String virtualPath)
   ? Orchard.Environment.DefaultBuildManager.GetCompiledAssembly(String virtualPath) ? c:\D\tmp\My\Orchard.Source.1.7.2\src\Orchard\Environment\IBuildManager.cs:?????? 53
2013-12-30 18:39:31,970 [7] Orchard.Environment.DefaultBuildManager - Error when compiling assembly under ~/Modules/Alexan.PhotoAlbums/Alexan.PhotoAlbums.csproj.
System.Web.HttpCompileException (0x80004005): c:\D\tmp\My\Orchard.Source.1.7.2\src\Orchard.Web\Modules\Alexan.PhotoAlbums\Models\PhotoPart.cs(4): error CS0234: The type or namespace name 'Routable' does not exist in the namespace 'Orchard.Core' (are you missing an assembly reference?)
   ? System.Web.Compilation.BuildManager.PostProcessFoundBuildResult(BuildResult result, Boolean keyFromVPP, VirtualPath virtualPath)
   ? System.Web.Compilation.BuildManager.GetBuildResultFromCacheInternal(String cacheKey, Boolean keyFromVPP, VirtualPath virtualPath, Int64 hashCode, Boolean ensureIsUpToDate)
   ? System.Web.Compilation.BuildManager.GetVPathBuildResultFromCacheInternal(VirtualPath virtualPath, Boolean ensureIsUpToDate)
   ? System.Web.Compilation.BuildManager.GetVPathBuildResultInternal(VirtualPath virtualPath, Boolean noBuild, Boolean allowCrossApp, Boolean allowBuildInPrecompile, Boolean throwIfNotFound, Boolean ensureIsUpToDate)
   ? System.Web.Compilation.BuildManager.GetVPathBuildResultWithNoAssert(HttpContext context, VirtualPath virtualPath, Boolean noBuild, Boolean allowCrossApp, Boolean allowBuildInPrecompile, Boolean throwIfNotFound, Boolean ensureIsUpToDate)
   ? System.Web.Compilation.BuildManager.GetVPathBuildResult(HttpContext context, VirtualPath virtualPath, Boolean noBuild, Boolean allowCrossApp, Boolean allowBuildInPrecompile, Boolean ensureIsUpToDate)
   ? System.Web.Compilation.BuildManager.GetCompiledAssembly(String virtualPath)
   ? Orchard.Environment.DefaultBuildManager.GetCompiledAssembly(String virtualPath) ? c:\D\tmp\My\Orchard.Source.1.7.2\src\Orchard\Environment\IBuildManager.cs:?????? 53
2013-12-30 18:39:31,977 [7] Orchard.Environment.DefaultBuildManager - Error when compiling assembly under ~/Modules/Alexan.PhotoAlbums/Alexan.PhotoAlbums.csproj.
System.Web.HttpCompileException (0x80004005): c:\D\tmp\My\Orchard.Source.1.7.2\src\Orchard.Web\Modules\Alexan.PhotoAlbums\Models\PhotoPart.cs(4): error CS0234: The type or namespace name 'Routable' does not exist in the namespace 'Orchard.Core' (are you missing an assembly reference?)
   ? System.Web.Compilation.BuildManager.PostProcessFoundBuildResult(BuildResult result, Boolean keyFromVPP, VirtualPath virtualPath)
   ? System.Web.Compilation.BuildManager.GetBuildResultFromCacheInternal(String cacheKey, Boolean keyFromVPP, VirtualPath virtualPath, Int64 hashCode, Boolean ensureIsUpToDate)
   ? System.Web.Compilation.BuildManager.GetVPathBuildResultFromCacheInternal(VirtualPath virtualPath, Boolean ensureIsUpToDate)
   ? System.Web.Compilation.BuildManager.GetVPathBuildResultInternal(VirtualPath virtualPath, Boolean noBuild, Boolean allowCrossApp, Boolean allowBuildInPrecompile, Boolean throwIfNotFound, Boolean ensureIsUpToDate)
   ? System.Web.Compilation.BuildManager.GetVPathBuildResultWithNoAssert(HttpContext context, VirtualPath virtualPath, Boolean noBuild, Boolean allowCrossApp, Boolean allowBuildInPrecompile, Boolean throwIfNotFound, Boolean ensureIsUpToDate)
   ? System.Web.Compilation.BuildManager.GetVPathBuildResult(HttpContext context, VirtualPath virtualPath, Boolean noBuild, Boolean allowCrossApp, Boolean allowBuildInPrecompile, Boolean ensureIsUpToDate)
   ? System.Web.Compilation.BuildManager.GetCompiledAssembly(String virtualPath)
   ? Orchard.Environment.DefaultBuildManager.GetCompiledAssembly(String virtualPath) ? c:\D\tmp\My\Orchard.Source.1.7.2\src\Orchard\Environment\IBuildManager.cs:?????? 53
2013-12-30 18:39:31,984 [7] Orchard.Environment.DefaultBuildManager - Error when compiling assembly under ~/Modules/Alexan.PhotoAlbums/Alexan.PhotoAlbums.csproj.
System.Web.HttpCompileException (0x80004005): c:\D\tmp\My\Orchard.Source.1.7.2\src\Orchard.Web\Modules\Alexan.PhotoAlbums\Models\PhotoPart.cs(4): error CS0234: The type or namespace name 'Routable' does not exist in the namespace 'Orchard.Core' (are you missing an assembly reference?)
   ? System.Web.Compilation.BuildManager.PostProcessFoundBuildResult(BuildResult result, Boolean keyFromVPP, VirtualPath virtualPath)
   ? System.Web.Compilation.BuildManager.GetBuildResultFromCacheInternal(String cacheKey, Boolean keyFromVPP, VirtualPath virtualPath, Int64 hashCode, Boolean ensureIsUpToDate)
   ? System.Web.Compilation.BuildManager.GetVPathBuildResultFromCacheInternal(VirtualPath virtualPath, Boolean ensureIsUpToDate)
   ? System.Web.Compilation.BuildManager.GetVPathBuildResultInternal(VirtualPath virtualPath, Boolean noBuild, Boolean allowCrossApp, Boolean allowBuildInPrecompile, Boolean throwIfNotFound, Boolean ensureIsUpToDate)
   ? System.Web.Compilation.BuildManager.GetVPathBuildResultWithNoAssert(HttpContext context, VirtualPath virtualPath, Boolean noBuild, Boolean allowCrossApp, Boolean allowBuildInPrecompile, Boolean throwIfNotFound, Boolean ensureIsUpToDate)
   ? System.Web.Compilation.BuildManager.GetVPathBuildResult(HttpContext context, VirtualPath virtualPath, Boolean noBuild, Boolean allowCrossApp, Boolean allowBuildInPrecompile, Boolean ensureIsUpToDate)
   ? System.Web.Compilation.BuildManager.GetCompiledAssembly(String virtualPath)
   ? Orchard.Environment.DefaultBuildManager.GetCompiledAssembly(String virtualPath) ? c:\D\tmp\My\Orchard.Source.1.7.2\src\Orchard\Environment\IBuildManager.cs:?????? 53
2013-12-30 18:39:31,992 [7] Orchard.Environment.DefaultBuildManager - Error when compiling assembly under ~/Modules/Alexan.PhotoAlbums/Alexan.PhotoAlbums.csproj.
System.Web.HttpCompileException (0x80004005): c:\D\tmp\My\Orchard.Source.1.7.2\src\Orchard.Web\Modules\Alexan.PhotoAlbums\Models\PhotoPart.cs(4): error CS0234: The type or namespace name 'Routable' does not exist in the namespace 'Orchard.Core' (are you missing an assembly reference?)
   ? System.Web.Compilation.BuildManager.PostProcessFoundBuildResult(BuildResult result, Boolean keyFromVPP, VirtualPath virtualPath)
   ? System.Web.Compilation.BuildManager.GetBuildResultFromCacheInternal(String cacheKey, Boolean keyFromVPP, VirtualPath virtualPath, Int64 hashCode, Boolean ensureIsUpToDate)
   ? System.Web.Compilation.BuildManager.GetVPathBuildResultFromCacheInternal(VirtualPath virtualPath, Boolean ensureIsUpToDate)
   ? System.Web.Compilation.BuildManager.GetVPathBuildResultInternal(VirtualPath virtualPath, Boolean noBuild, Boolean allowCrossApp, Boolean allowBuildInPrecompile, Boolean throwIfNotFound, Boolean ensureIsUpToDate)
   ? System.Web.Compilation.BuildManager.GetVPathBuildResultWithNoAssert(HttpContext context, VirtualPath virtualPath, Boolean noBuild, Boolean allowCrossApp, Boolean allowBuildInPrecompile, Boolean throwIfNotFound, Boolean ensureIsUpToDate)
   ? System.Web.Compilation.BuildManager.GetVPathBuildResult(HttpContext context, VirtualPath virtualPath, Boolean noBuild, Boolean allowCrossApp, Boolean allowBuildInPrecompile, Boolean ensureIsUpToDate)
   ? System.Web.Compilation.BuildManager.GetCompiledAssembly(String virtualPath)
   ? Orchard.Environment.DefaultBuildManager.GetCompiledAssembly(String virtualPath) ? c:\D\tmp\My\Orchard.Source.1.7.2\src\Orchard\Environment\IBuildManager.cs:?????? 53
2013-12-30 18:39:32,000 [7] Orchard.Environment.DefaultBuildManager - Error when compiling assembly under ~/Modules/Alexan.PhotoAlbums/Alexan.PhotoAlbums.csproj.
System.Web.HttpCompileException (0x80004005): c:\D\tmp\My\Orchard.Source.1.7.2\src\Orchard.Web\Modules\Alexan.PhotoAlbums\Models\PhotoPart.cs(4): error CS0234: The type or namespace name 'Routable' does not exist in the namespace 'Orchard.Core' (are you missing an assembly reference?)
   ? System.Web.Compilation.BuildManager.PostProcessFoundBuildResult(BuildResult result, Boolean keyFromVPP, VirtualPath virtualPath)
   ? System.Web.Compilation.BuildManager.GetBuildResultFromCacheInternal(String cacheKey, Boolean keyFromVPP, VirtualPath virtualPath, Int64 hashCode, Boolean ensureIsUpToDate)
   ? System.Web.Compilation.BuildManager.GetVPathBuildResultFromCacheInternal(VirtualPath virtualPath, Boolean ensureIsUpToDate)
   ? System.Web.Compilation.BuildManager.GetVPathBuildResultInternal(VirtualPath virtualPath, Boolean noBuild, Boolean allowCrossApp, Boolean allowBuildInPrecompile, Boolean throwIfNotFound, Boolean ensureIsUpToDate)
   ? System.Web.Compilation.BuildManager.GetVPathBuildResultWithNoAssert(HttpContext context, VirtualPath virtualPath, Boolean noBuild, Boolean allowCrossApp, Boolean allowBuildInPrecompile, Boolean throwIfNotFound, Boolean ensureIsUpToDate)
   ? System.Web.Compilation.BuildManager.GetVPathBuildResult(HttpContext context, VirtualPath virtualPath, Boolean noBuild, Boolean allowCrossApp, Boolean allowBuildInPrecompile, Boolean ensureIsUpToDate)
   ? System.Web.Compilation.BuildManager.GetCompiledAssembly(String virtualPath)
   ? Orchard.Environment.DefaultBuildManager.GetCompiledAssembly(String virtualPath) ? c:\D\tmp\My\Orchard.Source.1.7.2\src\Orchard\Environment\IBuildManager.cs:?????? 53
2013-12-30 18:39:32,007 [7] Orchard.Environment.DefaultBuildManager - Error when compiling assembly under ~/Modules/Alexan.PhotoAlbums/Alexan.PhotoAlbums.csproj.
System.Web.HttpCompileException (0x80004005): c:\D\tmp\My\Orchard.Source.1.7.2\src\Orchard.Web\Modules\Alexan.PhotoAlbums\Models\PhotoPart.cs(4): error CS0234: The type or namespace name 'Routable' does not exist in the namespace 'Orchard.Core' (are you missing an assembly reference?)
   ? System.Web.Compilation.BuildManager.PostProcessFoundBuildResult(BuildResult result, Boolean keyFromVPP, VirtualPath virtualPath)
   ? System.Web.Compilation.BuildManager.GetBuildResultFromCacheInternal(String cacheKey, Boolean keyFromVPP, VirtualPath virtualPath, Int64 hashCode, Boolean ensureIsUpToDate)
   ? System.Web.Compilation.BuildManager.GetVPathBuildResultFromCacheInternal(VirtualPath virtualPath, Boolean ensureIsUpToDate)
   ? System.Web.Compilation.BuildManager.GetVPathBuildResultInternal(VirtualPath virtualPath, Boolean noBuild, Boolean allowCrossApp, Boolean allowBuildInPrecompile, Boolean throwIfNotFound, Boolean ensureIsUpToDate)
   ? System.Web.Compilation.BuildManager.GetVPathBuildResultWithNoAssert(HttpContext context, VirtualPath virtualPath, Boolean noBuild, Boolean allowCrossApp, Boolean allowBuildInPrecompile, Boolean throwIfNotFound, Boolean ensureIsUpToDate)
   ? System.Web.Compilation.BuildManager.GetVPathBuildResult(HttpContext context, VirtualPath virtualPath, Boolean noBuild, Boolean allowCrossApp, Boolean allowBuildInPrecompile, Boolean ensureIsUpToDate)
   ? System.Web.Compilation.BuildManager.GetCompiledAssembly(String virtualPath)
   ? Orchard.Environment.DefaultBuildManager.GetCompiledAssembly(String virtualPath) ? c:\D\tmp\My\Orchard.Source.1.7.2\src\Orchard\Environment\IBuildManager.cs:?????? 53
